/usr/local/lib/python2.6/dist-packages/django_registration-0.7-py2.6.egg/registration/models.py:4: DeprecationWarning: the sha module is deprecated; use the hashlib module instead
[19/Mar/2011 01:13:10] "GET /change-project/ HTTP/1.1" 200 3495
[19/Mar/2011 01:13:11] "GET /static/css/main.css HTTP/1.1" 200 6216
[19/Mar/2011 01:13:11] "GET /static/js/jquery-1.5.min.js HTTP/1.1" 304 0
[19/Mar/2011 01:13:11] "GET /static/js/jquery.dataTables.min.js HTTP/1.1" 304 0
[19/Mar/2011 01:13:11] "GET /static/js/jquery.jscrollpane.min.js HTTP/1.1" 304 0
[19/Mar/2011 01:13:12] "GET /static/img/logo.png HTTP/1.1" 304 0
[19/Mar/2011 01:13:12] "GET /static/img/admin/icon_addlink.gif HTTP/1.1" 304 0
[19/Mar/2011 01:14:32] "GET /change-project/ HTTP/1.1" 200 3496
[19/Mar/2011 01:14:32] "GET /static/css/main.css HTTP/1.1" 200 6216
[19/Mar/2011 01:14:32] "GET /static/js/jquery-1.5.min.js HTTP/1.1" 200 84362
[19/Mar/2011 01:14:32] "GET /static/js/jquery.dataTables.min.js HTTP/1.1" 200 66248
[19/Mar/2011 01:14:32] "GET /static/js/jquery.jscrollpane.min.js HTTP/1.1" 200 14406
[19/Mar/2011 01:14:33] "GET /static/img/logo.png HTTP/1.1" 200 12816
[19/Mar/2011 01:14:33] "GET /static/img/admin/icon_addlink.gif HTTP/1.1" 200 119
[19/Mar/2011 01:15:10] "GET /change-project/ HTTP/1.1" 200 3496
[19/Mar/2011 01:15:11] "GET /static/css/main.css HTTP/1.1" 200 6238
[19/Mar/2011 01:15:11] "GET /static/js/jquery-1.5.min.js HTTP/1.1" 200 84362
[19/Mar/2011 01:15:11] "GET /static/js/jquery.dataTables.min.js HTTP/1.1" 200 66248
[19/Mar/2011 01:15:11] "GET /static/js/jquery.jscrollpane.min.js HTTP/1.1" 200 14406
[19/Mar/2011 01:15:12] "GET /static/img/logo.png HTTP/1.1" 200 12816
[19/Mar/2011 01:15:12] "GET /static/img/admin/icon_addlink.gif HTTP/1.1" 200 119
[19/Mar/2011 01:15:34] "GET /change-project/ HTTP/1.1" 200 3496
[19/Mar/2011 01:15:35] "GET /static/css/main.css HTTP/1.1" 200 6216
[19/Mar/2011 01:15:35] "GET /static/js/jquery-1.5.min.js HTTP/1.1" 200 84362
[19/Mar/2011 01:15:35] "GET /static/js/jquery.dataTables.min.js HTTP/1.1" 200 66248
[19/Mar/2011 01:15:35] "GET /static/js/jquery.jscrollpane.min.js HTTP/1.1" 200 14406
[19/Mar/2011 01:15:50] "GET /static/img/logo.png HTTP/1.1" 200 12816
[19/Mar/2011 01:15:50] "GET /static/img/admin/icon_addlink.gif HTTP/1.1" 200 119
[19/Mar/2011 01:18:00] "GET /change-project/ HTTP/1.1" 200 3566
[19/Mar/2011 01:18:00] "GET /static/css/main.css HTTP/1.1" 200 6216
[19/Mar/2011 01:18:00] "GET /static/js/jquery-1.5.min.js HTTP/1.1" 200 84362
[19/Mar/2011 01:18:00] "GET /static/js/jquery.dataTables.min.js HTTP/1.1" 200 66248
[19/Mar/2011 01:18:00] "GET /static/js/jquery.jscrollpane.min.js HTTP/1.1" 200 14406
[19/Mar/2011 01:18:01] "GET /static/img/logo.png HTTP/1.1" 200 12816
[19/Mar/2011 01:18:01] "GET /static/img/admin/icon_addlink.gif HTTP/1.1" 200 119
[19/Mar/2011 01:18:34] "GET /change-project/ HTTP/1.1" 200 3567
[19/Mar/2011 01:18:34] "GET /static/css/main.css HTTP/1.1" 304 0
[19/Mar/2011 01:18:34] "GET /static/js/jquery-1.5.min.js HTTP/1.1" 304 0
[19/Mar/2011 01:18:34] "GET /static/js/jquery.dataTables.min.js HTTP/1.1" 304 0
[19/Mar/2011 01:18:34] "GET /static/js/jquery.jscrollpane.min.js HTTP/1.1" 304 0
[19/Mar/2011 01:18:35] "GET /static/img/logo.png HTTP/1.1" 304 0
[19/Mar/2011 01:18:35] "GET /static/img/admin/icon_addlink.gif HTTP/1.1" 304 0
[19/Mar/2011 01:18:59] "GET /change-project/ HTTP/1.1" 200 3573
[19/Mar/2011 01:18:59] "GET /static/js/jquery-1.5.min.js HTTP/1.1" 200 84362
[19/Mar/2011 01:18:59] "GET /static/css/main.css HTTP/1.1" 200 6216
[19/Mar/2011 01:18:59] "GET /static/js/jquery.dataTables.min.js HTTP/1.1" 200 66248
[19/Mar/2011 01:18:59] "GET /static/js/jquery.jscrollpane.min.js HTTP/1.1" 200 14406
[19/Mar/2011 01:19:00] "GET /static/img/logo.png HTTP/1.1" 200 12816
[19/Mar/2011 01:19:00] "GET /static/img/admin/icon_addlink.gif HTTP/1.1" 200 119
[19/Mar/2011 01:19:14] "GET /change-project/ HTTP/1.1" 200 3573
[19/Mar/2011 01:19:14] "GET /static/css/main.css HTTP/1.1" 200 6216
[19/Mar/2011 01:19:15] "GET /static/js/jquery-1.5.min.js HTTP/1.1" 200 84362
[19/Mar/2011 01:19:15] "GET /static/js/jquery.jscrollpane.min.js HTTP/1.1" 200 14406
[19/Mar/2011 01:19:15] "GET /static/js/jquery.dataTables.min.js HTTP/1.1" 200 66248
[19/Mar/2011 01:19:15] "GET /static/img/logo.png HTTP/1.1" 200 12816
[19/Mar/2011 01:19:16] "GET /static/img/admin/icon_addlink.gif HTTP/1.1" 200 119
[19/Mar/2011 01:22:00] "GET /change-project/ HTTP/1.1" 200 3573
[19/Mar/2011 01:22:00] "GET /static/js/jquery-1.5.min.js HTTP/1.1" 200 84362
[19/Mar/2011 01:22:00] "GET /static/css/main.css HTTP/1.1" 200 6230
[19/Mar/2011 01:22:00] "GET /static/js/jquery.dataTables.min.js HTTP/1.1" 200 66248
[19/Mar/2011 01:22:00] "GET /static/js/jquery.jscrollpane.min.js HTTP/1.1" 200 14406
[19/Mar/2011 01:22:01] "GET /static/img/logo.png HTTP/1.1" 200 12816
[19/Mar/2011 01:22:01] "GET /static/img/admin/icon_addlink.gif HTTP/1.1" 200 119
[19/Mar/2011 01:22:12] "GET /change-project/ HTTP/1.1" 200 3573
[19/Mar/2011 01:22:12] "GET /static/css/main.css HTTP/1.1" 200 6229
[19/Mar/2011 01:22:13] "GET /static/js/jquery-1.5.min.js HTTP/1.1" 200 84362
[19/Mar/2011 01:22:13] "GET /static/js/jquery.dataTables.min.js HTTP/1.1" 200 66248
[19/Mar/2011 01:22:13] "GET /static/js/jquery.jscrollpane.min.js HTTP/1.1" 200 14406
[19/Mar/2011 01:22:13] "GET /static/img/logo.png HTTP/1.1" 200 12816
[19/Mar/2011 01:22:13] "GET /static/img/admin/icon_addlink.gif HTTP/1.1" 200 119
[19/Mar/2011 01:24:06] "GET /change-project/ HTTP/1.1" 200 3678
[19/Mar/2011 01:24:06] "GET /static/css/main.css HTTP/1.1" 200 6229
[19/Mar/2011 01:24:06] "GET /static/js/jquery-1.5.min.js HTTP/1.1" 200 84362
[19/Mar/2011 01:24:06] "GET /static/js/jquery.dataTables.min.js HTTP/1.1" 200 66248
[19/Mar/2011 01:24:06] "GET /static/js/jquery.jscrollpane.min.js HTTP/1.1" 200 14406
[19/Mar/2011 01:24:07] "GET /static/img/logo.png HTTP/1.1" 200 12816
[19/Mar/2011 01:24:07] "GET /static/img/admin/icon_addlink.gif HTTP/1.1" 200 119
[19/Mar/2011 01:25:11] "GET /change-project/ HTTP/1.1" 200 3709
[19/Mar/2011 01:25:11] "GET /static/css/main.css HTTP/1.1" 200 6229
[19/Mar/2011 01:25:12] "GET /static/js/jquery-1.5.min.js HTTP/1.1" 200 84362
[19/Mar/2011 01:25:12] "GET /static/js/jquery.jscrollpane.min.js HTTP/1.1" 200 14406
[19/Mar/2011 01:25:12] "GET /static/js/jquery.dataTables.min.js HTTP/1.1" 200 66248
[19/Mar/2011 01:25:12] "GET /static/img/logo.png HTTP/1.1" 200 12816
[19/Mar/2011 01:25:12] "GET /static/img/admin/icon_addlink.gif HTTP/1.1" 200 119
[19/Mar/2011 01:25:41] "GET /change-project/ HTTP/1.1" 200 3709
[19/Mar/2011 01:25:41] "GET /static/css/main.css HTTP/1.1" 200 6244
[19/Mar/2011 01:25:41] "GET /static/js/jquery-1.5.min.js HTTP/1.1" 200 84362
[19/Mar/2011 01:25:41] "GET /static/js/jquery.jscrollpane.min.js HTTP/1.1" 200 14406
[19/Mar/2011 01:25:41] "GET /static/js/jquery.dataTables.min.js HTTP/1.1" 200 66248
[19/Mar/2011 01:25:42] "GET /static/img/logo.png HTTP/1.1" 200 12816
[19/Mar/2011 01:25:42] "GET /static/img/admin/icon_addlink.gif HTTP/1.1" 200 119
[19/Mar/2011 01:26:19] "GET /change-project/ HTTP/1.1" 200 3709
[19/Mar/2011 01:26:19] "GET /static/css/main.css HTTP/1.1" 200 6230
[19/Mar/2011 01:26:20] "GET /static/js/jquery-1.5.min.js HTTP/1.1" 200 84362
[19/Mar/2011 01:26:20] "GET /static/js/jquery.dataTables.min.js HTTP/1.1" 200 66248
[19/Mar/2011 01:26:20] "GET /static/js/jquery.jscrollpane.min.js HTTP/1.1" 200 14406
[19/Mar/2011 01:26:20] "GET /static/img/logo.png HTTP/1.1" 200 12816
[19/Mar/2011 01:26:20] "GET /static/img/admin/icon_addlink.gif HTTP/1.1" 200 119
[19/Mar/2011 01:27:26] "GET /change-project/add_user HTTP/1.1" 200 3709
[19/Mar/2011 01:27:26] "GET /static/css/main.css HTTP/1.1" 304 0
[19/Mar/2011 01:29:52] "GET /change-project/ HTTP/1.1" 200 3702
[19/Mar/2011 01:30:54] "GET /change-project/ HTTP/1.1" 200 3726
[19/Mar/2011 01:30:54] "GET /static/css/main.css HTTP/1.1" 304 0
[19/Mar/2011 01:30:54] "GET /static/js/jquery.dataTables.min.js HTTP/1.1" 304 0
[19/Mar/2011 01:30:54] "GET /static/js/jquery-1.5.min.js HTTP/1.1" 304 0
[19/Mar/2011 01:30:54] "GET /static/js/jquery.jscrollpane.min.js HTTP/1.1" 304 0
[19/Mar/2011 01:30:54] "GET /static/img/logo.png HTTP/1.1" 304 0
[19/Mar/2011 01:30:54] "GET /static/img/admin/icon_addlink.gif HTTP/1.1" 304 0
[19/Mar/2011 01:32:34] "GET /change-project/ HTTP/1.1" 200 3732
[19/Mar/2011 01:32:35] "GET /static/js/jquery-1.5.min.js HTTP/1.1" 200 84362
[19/Mar/2011 01:32:35] "GET /static/css/main.css HTTP/1.1" 200 6230
[19/Mar/2011 01:32:35] "GET /static/js/jquery.dataTables.min.js HTTP/1.1" 200 66248
[19/Mar/2011 01:32:35] "GET /static/js/jquery.jscrollpane.min.js HTTP/1.1" 200 14406
[19/Mar/2011 01:32:35] "GET /static/img/admin/icon_addlink.gif HTTP/1.1" 200 119
[19/Mar/2011 01:32:35] "GET /static/img/logo.png HTTP/1.1" 200 12816
[19/Mar/2011 01:33:45] "GET /change-project/ HTTP/1.1" 200 3747
[19/Mar/2011 01:33:45] "GET /static/css/main.css HTTP/1.1" 200 6230
[19/Mar/2011 01:33:45] "GET /static/js/jquery-1.5.min.js HTTP/1.1" 200 84362
[19/Mar/2011 01:33:45] "GET /static/js/jquery.dataTables.min.js HTTP/1.1" 200 66248
[19/Mar/2011 01:33:45] "GET /static/js/jquery.jscrollpane.min.js HTTP/1.1" 200 14406
[19/Mar/2011 01:33:46] "GET /static/img/logo.png HTTP/1.1" 200 12816
[19/Mar/2011 01:33:46] "GET /static/img/admin/icon_addlink.gif HTTP/1.1" 200 119
[19/Mar/2011 01:34:13] "GET /change-project/ HTTP/1.1" 200 3747
[19/Mar/2011 01:34:13] "GET /static/css/main.css HTTP/1.1" 200 6239
[19/Mar/2011 01:34:13] "GET /static/js/jquery-1.5.min.js HTTP/1.1" 200 84362
[19/Mar/2011 01:34:13] "GET /static/js/jquery.dataTables.min.js HTTP/1.1" 200 66248
[19/Mar/2011 01:34:13] "GET /static/js/jquery.jscrollpane.min.js HTTP/1.1" 200 14406
[19/Mar/2011 01:34:14] "GET /static/img/logo.png HTTP/1.1" 200 12816
[19/Mar/2011 01:34:14] "GET /static/img/admin/icon_addlink.gif HTTP/1.1" 200 119
[19/Mar/2011 01:35:12] "GET /change-project/ HTTP/1.1" 200 3729
[19/Mar/2011 01:35:12] "GET /static/css/main.css HTTP/1.1" 200 6239
[19/Mar/2011 01:35:13] "GET /static/js/jquery-1.5.min.js HTTP/1.1" 200 84362
[19/Mar/2011 01:35:13] "GET /static/js/jquery.dataTables.min.js HTTP/1.1" 200 66248
[19/Mar/2011 01:35:13] "GET /static/js/jquery.jscrollpane.min.js HTTP/1.1" 200 14406
[19/Mar/2011 01:35:13] "GET /static/img/logo.png HTTP/1.1" 200 12816
[19/Mar/2011 01:35:13] "GET /static/img/admin/icon_addlink.gif HTTP/1.1" 200 119
[19/Mar/2011 01:36:04] "GET /change-project/ HTTP/1.1" 200 3730
[19/Mar/2011 01:36:04] "GET /static/css/main.css HTTP/1.1" 200 6239
[19/Mar/2011 01:36:05] "GET /static/js/jquery-1.5.min.js HTTP/1.1" 200 84362
[19/Mar/2011 01:36:05] "GET /static/js/jquery.dataTables.min.js HTTP/1.1" 200 66248
[19/Mar/2011 01:36:05] "GET /static/js/jquery.jscrollpane.min.js HTTP/1.1" 200 14406
[19/Mar/2011 01:36:08] "GET /static/img/logo.png HTTP/1.1" 200 12816
[19/Mar/2011 01:36:08] "GET /static/img/admin/icon_addlink.gif HTTP/1.1" 200 119
[19/Mar/2011 01:36:53] "GET /change-project/ HTTP/1.1" 200 3685
[19/Mar/2011 01:36:53] "GET /static/css/main.css HTTP/1.1" 200 6239
[19/Mar/2011 01:36:53] "GET /static/js/jquery-1.5.min.js HTTP/1.1" 200 84362
[19/Mar/2011 01:36:53] "GET /static/js/jquery.dataTables.min.js HTTP/1.1" 200 66248
[19/Mar/2011 01:36:53] "GET /static/js/jquery.jscrollpane.min.js HTTP/1.1" 200 14406
[19/Mar/2011 01:36:54] "GET /static/img/logo.png HTTP/1.1" 200 12816
[19/Mar/2011 01:36:54] "GET /static/img/admin/icon_addlink.gif HTTP/1.1" 200 119
[19/Mar/2011 01:37:20] "GET /change-project/ HTTP/1.1" 200 3684
[19/Mar/2011 01:37:20] "GET /static/css/main.css HTTP/1.1" 200 6239
[19/Mar/2011 01:37:20] "GET /static/js/jquery-1.5.min.js HTTP/1.1" 200 84362
[19/Mar/2011 01:37:20] "GET /static/js/jquery.dataTables.min.js HTTP/1.1" 200 66248
[19/Mar/2011 01:37:20] "GET /static/js/jquery.jscrollpane.min.js HTTP/1.1" 200 14406
[19/Mar/2011 01:37:21] "GET /static/img/logo.png HTTP/1.1" 200 12816
[19/Mar/2011 01:37:21] "GET /static/img/admin/icon_addlink.gif HTTP/1.1" 200 119
[19/Mar/2011 01:38:58] "GET /change-project/ HTTP/1.1" 200 3660
[19/Mar/2011 01:38:59] "GET /static/css/main.css HTTP/1.1" 200 6239
[19/Mar/2011 01:38:59] "GET /static/js/jquery-1.5.min.js HTTP/1.1" 200 84362
[19/Mar/2011 01:38:59] "GET /static/js/jquery.dataTables.min.js HTTP/1.1" 200 66248
[19/Mar/2011 01:38:59] "GET /static/js/jquery.jscrollpane.min.js HTTP/1.1" 200 14406
[19/Mar/2011 01:39:00] "GET /static/img/logo.png HTTP/1.1" 200 12816
[19/Mar/2011 01:39:00] "GET /static/img/admin/icon_addlink.gif HTTP/1.1" 200 119
[19/Mar/2011 01:41:06] "GET /change-project/ HTTP/1.1" 200 3660
[19/Mar/2011 01:41:06] "GET /static/css/main.css HTTP/1.1" 200 6239
[19/Mar/2011 01:41:07] "GET /static/js/jquery-1.5.min.js HTTP/1.1" 200 84362
[19/Mar/2011 01:41:07] "GET /static/js/jquery.dataTables.min.js HTTP/1.1" 200 66248
[19/Mar/2011 01:41:07] "GET /static/js/jquery.jscrollpane.min.js HTTP/1.1" 200 14406
[19/Mar/2011 01:41:08] "GET /static/img/logo.png HTTP/1.1" 200 12816
[19/Mar/2011 01:41:08] "GET /static/img/admin/icon_addlink.gif HTTP/1.1" 200 119
[19/Mar/2011 01:41:39] "GET /change-project/ HTTP/1.1" 200 3660
[19/Mar/2011 01:41:39] "GET /static/css/main.css HTTP/1.1" 304 0
[19/Mar/2011 01:41:39] "GET /static/js/jquery-1.5.min.js HTTP/1.1" 304 0
[19/Mar/2011 01:41:39] "GET /static/js/jquery.dataTables.min.js HTTP/1.1" 304 0
[19/Mar/2011 01:41:39] "GET /static/js/jquery.jscrollpane.min.js HTTP/1.1" 304 0
[19/Mar/2011 01:41:40] "GET /static/img/logo.png HTTP/1.1" 304 0
[19/Mar/2011 01:41:40] "GET /static/img/admin/icon_addlink.gif HTTP/1.1" 304 0
[19/Mar/2011 01:41:54] "GET /change-project/ HTTP/1.1" 200 3677
[19/Mar/2011 01:41:54] "GET /static/css/main.css HTTP/1.1" 200 6239
[19/Mar/2011 01:41:55] "GET /static/js/jquery-1.5.min.js HTTP/1.1" 200 84362
[19/Mar/2011 01:41:55] "GET /static/js/jquery.dataTables.min.js HTTP/1.1" 200 66248
[19/Mar/2011 01:41:55] "GET /static/js/jquery.jscrollpane.min.js HTTP/1.1" 200 14406
[19/Mar/2011 01:42:01] "GET /static/img/logo.png HTTP/1.1" 200 12816
[19/Mar/2011 01:42:01] "GET /static/img/admin/icon_addlink.gif HTTP/1.1" 200 119
[19/Mar/2011 01:50:02] "GET /change-project/ HTTP/1.1" 200 3701
[19/Mar/2011 01:50:02] "GET /static/css/main.css HTTP/1.1" 200 6239
[19/Mar/2011 01:50:03] "GET /static/js/jquery-1.5.min.js HTTP/1.1" 200 84362
[19/Mar/2011 01:50:03] "GET /static/js/jquery.dataTables.min.js HTTP/1.1" 200 66248
[19/Mar/2011 01:50:03] "GET /static/js/jquery.jscrollpane.min.js HTTP/1.1" 200 14406
[19/Mar/2011 01:50:03] "GET /static/img/logo.png HTTP/1.1" 200 12816
[19/Mar/2011 01:50:03] "GET /static/img/admin/icon_addlink.gif HTTP/1.1" 200 119
[19/Mar/2011 01:50:23] "GET /change-project/ HTTP/1.1" 200 3684
[19/Mar/2011 01:50:23] "GET /static/css/main.css HTTP/1.1" 304 0
[19/Mar/2011 01:50:23] "GET /static/js/jquery-1.5.min.js HTTP/1.1" 304 0
[19/Mar/2011 01:50:23] "GET /static/js/jquery.dataTables.min.js HTTP/1.1" 304 0
[19/Mar/2011 01:50:23] "GET /static/js/jquery.jscrollpane.min.js HTTP/1.1" 304 0
[19/Mar/2011 01:50:24] "GET /static/img/logo.png HTTP/1.1" 304 0
[19/Mar/2011 01:50:24] "GET /static/img/admin/icon_addlink.gif HTTP/1.1" 304 0
[19/Mar/2011 01:51:18] "GET /admin/ HTTP/1.1" 500 500737
[19/Mar/2011 01:51:23] "GET /change-project/ HTTP/1.1" 200 3680
[19/Mar/2011 01:53:05] "GET /change-project/ HTTP/1.1" 200 3676
[19/Mar/2011 01:53:05] "GET /static/css/main.css HTTP/1.1" 304 0
[19/Mar/2011 01:53:05] "GET /static/js/jquery-1.5.min.js HTTP/1.1" 304 0
[19/Mar/2011 01:53:05] "GET /static/js/jquery.dataTables.min.js HTTP/1.1" 304 0
[19/Mar/2011 01:53:05] "GET /static/js/jquery.jscrollpane.min.js HTTP/1.1" 304 0
[19/Mar/2011 01:54:00] "GET /change-project/ HTTP/1.1" 200 3762
[19/Mar/2011 01:54:00] "GET /static/css/main.css HTTP/1.1" 200 6239
[19/Mar/2011 01:54:00] "GET /static/js/jquery.dataTables.min.js HTTP/1.1" 200 66248
[19/Mar/2011 01:54:01] "GET /static/js/jquery-1.5.min.js HTTP/1.1" 200 84362
[19/Mar/2011 01:54:01] "GET /static/js/jquery.jscrollpane.min.js HTTP/1.1" 200 14406
[19/Mar/2011 01:54:01] "GET /static/img/logo.png HTTP/1.1" 200 12816
[19/Mar/2011 01:54:01] "GET /static/img/admin/icon_addlink.gif HTTP/1.1" 200 119
[19/Mar/2011 01:55:04] "GET /change-project/ HTTP/1.1" 200 3745
[19/Mar/2011 01:55:05] "GET /static/css/main.css HTTP/1.1" 200 6239
[19/Mar/2011 01:55:05] "GET /static/js/jquery-1.5.min.js HTTP/1.1" 200 84362
[19/Mar/2011 01:55:05] "GET /static/js/jquery.dataTables.min.js HTTP/1.1" 200 66248
[19/Mar/2011 01:55:05] "GET /static/js/jquery.jscrollpane.min.js HTTP/1.1" 200 14406
[19/Mar/2011 01:55:06] "GET /static/img/logo.png HTTP/1.1" 200 12816
[19/Mar/2011 01:55:06] "GET /static/img/admin/icon_addlink.gif HTTP/1.1" 200 119
[19/Mar/2011 01:56:15] "GET /change-project/ HTTP/1.1" 200 3743
[19/Mar/2011 01:56:15] "GET /static/css/main.css HTTP/1.1" 200 6239
[19/Mar/2011 01:56:16] "GET /static/js/jquery-1.5.min.js HTTP/1.1" 200 84362
[19/Mar/2011 01:56:16] "GET /static/js/jquery.dataTables.min.js HTTP/1.1" 200 66248
[19/Mar/2011 01:56:16] "GET /static/js/jquery.jscrollpane.min.js HTTP/1.1" 200 14406
[19/Mar/2011 01:56:16] "GET /static/img/logo.png HTTP/1.1" 200 12816
[19/Mar/2011 01:56:16] "GET /static/img/admin/icon_addlink.gif HTTP/1.1" 200 119
[19/Mar/2011 01:56:25] "GET /change-project/ HTTP/1.1" 200 3741
[19/Mar/2011 01:56:25] "GET /static/css/main.css HTTP/1.1" 200 6239
[19/Mar/2011 01:56:25] "GET /static/js/jquery-1.5.min.js HTTP/1.1" 200 84362
[19/Mar/2011 01:56:25] "GET /static/js/jquery.dataTables.min.js HTTP/1.1" 200 66248
[19/Mar/2011 01:56:25] "GET /static/js/jquery.jscrollpane.min.js HTTP/1.1" 200 14406
[19/Mar/2011 01:56:26] "GET /static/img/logo.png HTTP/1.1" 200 12816
[19/Mar/2011 01:56:26] "GET /static/img/admin/icon_addlink.gif HTTP/1.1" 200 119
[19/Mar/2011 01:56:34] "GET /change-project/ HTTP/1.1" 200 3747
[19/Mar/2011 01:56:34] "GET /static/css/main.css HTTP/1.1" 200 6239
[19/Mar/2011 01:56:34] "GET /static/js/jquery-1.5.min.js HTTP/1.1" 200 84362
[19/Mar/2011 01:56:34] "GET /static/js/jquery.dataTables.min.js HTTP/1.1" 200 66248
[19/Mar/2011 01:56:34] "GET /static/js/jquery.jscrollpane.min.js HTTP/1.1" 200 14406
[19/Mar/2011 01:56:35] "GET /static/img/logo.png HTTP/1.1" 200 12816
[19/Mar/2011 01:56:35] "GET /static/img/admin/icon_addlink.gif HTTP/1.1" 200 119
[19/Mar/2011 01:56:48] "GET /change-project/ HTTP/1.1" 200 3764
[19/Mar/2011 01:56:48] "GET /static/css/main.css HTTP/1.1" 200 6239
[19/Mar/2011 01:56:48] "GET /static/js/jquery-1.5.min.js HTTP/1.1" 200 84362
[19/Mar/2011 01:56:48] "GET /static/js/jquery.dataTables.min.js HTTP/1.1" 200 66248
[19/Mar/2011 01:56:48] "GET /static/js/jquery.jscrollpane.min.js HTTP/1.1" 200 14406
[19/Mar/2011 01:56:49] "GET /static/img/logo.png HTTP/1.1" 200 12816
[19/Mar/2011 01:56:49] "GET /static/img/admin/icon_addlink.gif HTTP/1.1" 200 119
[19/Mar/2011 01:58:34] "GET /change-project/ HTTP/1.1" 200 3757
[19/Mar/2011 01:58:34] "GET /static/css/main.css HTTP/1.1" 200 6239
[19/Mar/2011 01:58:35] "GET /static/js/jquery-1.5.min.js HTTP/1.1" 200 84362
[19/Mar/2011 01:58:35] "GET /static/js/jquery.dataTables.min.js HTTP/1.1" 200 66248
[19/Mar/2011 01:58:35] "GET /static/js/jquery.jscrollpane.min.js HTTP/1.1" 200 14406
[19/Mar/2011 01:58:35] "GET /static/img/logo.png HTTP/1.1" 200 12816
[19/Mar/2011 01:58:35] "GET /static/img/admin/icon_addlink.gif HTTP/1.1" 200 119
[19/Mar/2011 01:58:57] "GET /change-project/ HTTP/1.1" 200 3755
[19/Mar/2011 01:58:57] "GET /static/css/main.css HTTP/1.1" 200 6239
[19/Mar/2011 01:58:58] "GET /static/js/jquery-1.5.min.js HTTP/1.1" 200 84362
[19/Mar/2011 01:58:58] "GET /static/js/jquery.dataTables.min.js HTTP/1.1" 200 66248
[19/Mar/2011 01:58:58] "GET /static/js/jquery.jscrollpane.min.js HTTP/1.1" 200 14406
[19/Mar/2011 01:58:59] "GET /static/img/logo.png HTTP/1.1" 200 12816
[19/Mar/2011 01:59:00] "GET /static/img/admin/icon_addlink.gif HTTP/1.1" 200 119
[19/Mar/2011 01:59:15] "GET /change-project/ HTTP/1.1" 200 3764
[19/Mar/2011 01:59:15] "GET /static/css/main.css HTTP/1.1" 304 0
[19/Mar/2011 01:59:15] "GET /static/js/jquery-1.5.min.js HTTP/1.1" 304 0
[19/Mar/2011 01:59:15] "GET /static/js/jquery.dataTables.min.js HTTP/1.1" 304 0
[19/Mar/2011 01:59:15] "GET /static/js/jquery.jscrollpane.min.js HTTP/1.1" 304 0
[19/Mar/2011 01:59:15] "GET /static/img/logo.png HTTP/1.1" 304 0
[19/Mar/2011 01:59:15] "GET /static/img/admin/icon_addlink.gif HTTP/1.1" 304 0
[19/Mar/2011 01:59:26] "GET /change-project/ HTTP/1.1" 200 3802
[19/Mar/2011 01:59:26] "GET /static/css/main.css HTTP/1.1" 304 0
[19/Mar/2011 01:59:26] "GET /static/js/jquery-1.5.min.js HTTP/1.1" 304 0
[19/Mar/2011 01:59:27] "GET /static/js/jquery.jscrollpane.min.js HTTP/1.1" 304 0
[19/Mar/2011 01:59:27] "GET /static/js/jquery.dataTables.min.js HTTP/1.1" 304 0
[19/Mar/2011 01:59:27] "GET /static/img/logo.png HTTP/1.1" 304 0
[19/Mar/2011 01:59:27] "GET /static/img/admin/icon_addlink.gif HTTP/1.1" 304 0
[19/Mar/2011 02:00:21] "GET /change-project/ HTTP/1.1" 200 3778
[19/Mar/2011 02:00:21] "GET /static/css/main.css HTTP/1.1" 200 6239
[19/Mar/2011 02:00:21] "GET /static/js/jquery-1.5.min.js HTTP/1.1" 200 84362
[19/Mar/2011 02:00:21] "GET /static/js/jquery.dataTables.min.js HTTP/1.1" 200 66248
[19/Mar/2011 02:00:21] "GET /static/js/jquery.jscrollpane.min.js HTTP/1.1" 200 14406
[19/Mar/2011 02:00:22] "GET /static/img/logo.png HTTP/1.1" 200 12816
[19/Mar/2011 02:00:22] "GET /static/img/admin/icon_addlink.gif HTTP/1.1" 200 119
[19/Mar/2011 02:01:28] "GET /change-project/ HTTP/1.1" 200 3769
[19/Mar/2011 02:01:28] "GET /static/css/main.css HTTP/1.1" 200 6239
[19/Mar/2011 02:01:28] "GET /static/js/jquery-1.5.min.js HTTP/1.1" 200 84362
[19/Mar/2011 02:01:28] "GET /static/js/jquery.dataTables.min.js HTTP/1.1" 200 66248
[19/Mar/2011 02:01:28] "GET /static/js/jquery.jscrollpane.min.js HTTP/1.1" 200 14406
[19/Mar/2011 02:01:32] "GET /static/img/logo.png HTTP/1.1" 200 12816
[19/Mar/2011 02:01:32] "GET /static/img/admin/icon_addlink.gif HTTP/1.1" 200 119
[19/Mar/2011 02:05:53] "GET /change-project/ HTTP/1.1" 200 3854
[19/Mar/2011 02:05:54] "GET /static/css/main.css HTTP/1.1" 200 6239
[19/Mar/2011 02:05:54] "GET /static/js/jquery-1.5.min.js HTTP/1.1" 200 84362
[19/Mar/2011 02:05:54] "GET /static/js/jquery.dataTables.min.js HTTP/1.1" 200 66248
[19/Mar/2011 02:05:54] "GET /static/js/jquery.jscrollpane.min.js HTTP/1.1" 200 14406
[19/Mar/2011 02:05:55] "GET /static/img/admin/icon_addlink.gif HTTP/1.1" 200 119
[19/Mar/2011 02:05:55] "GET /static/img/logo.png HTTP/1.1" 200 12816
[19/Mar/2011 02:07:27] "GET /change-project/ HTTP/1.1" 200 3759
[19/Mar/2011 02:07:27] "GET /static/css/main.css HTTP/1.1" 200 6239
[19/Mar/2011 02:07:28] "GET /static/js/jquery-1.5.min.js HTTP/1.1" 200 84362
[19/Mar/2011 02:07:28] "GET /static/js/jquery.dataTables.min.js HTTP/1.1" 200 66248
[19/Mar/2011 02:07:28] "GET /static/js/jquery.jscrollpane.min.js HTTP/1.1" 200 14406
[19/Mar/2011 02:07:28] "GET /static/img/logo.png HTTP/1.1" 200 12816
[19/Mar/2011 02:07:28] "GET /static/img/admin/icon_addlink.gif HTTP/1.1" 200 119
[19/Mar/2011 02:08:17] "GET /change-project/ HTTP/1.1" 200 3776
[19/Mar/2011 02:08:17] "GET /static/css/main.css HTTP/1.1" 200 6239
[19/Mar/2011 02:08:17] "GET /static/js/jquery-1.5.min.js HTTP/1.1" 200 84362
[19/Mar/2011 02:08:17] "GET /static/js/jquery.dataTables.min.js HTTP/1.1" 200 66248
[19/Mar/2011 02:08:17] "GET /static/js/jquery.jscrollpane.min.js HTTP/1.1" 200 14406
[19/Mar/2011 02:08:18] "GET /static/img/logo.png HTTP/1.1" 200 12816
[19/Mar/2011 02:08:18] "GET /static/img/admin/icon_addlink.gif HTTP/1.1" 200 119
[19/Mar/2011 02:09:31] "GET /change-project/ HTTP/1.1" 200 3784
[19/Mar/2011 02:09:31] "GET /static/css/main.css HTTP/1.1" 200 6239
[19/Mar/2011 02:09:31] "GET /static/js/jquery-1.5.min.js HTTP/1.1" 200 84362
[19/Mar/2011 02:09:31] "GET /static/js/jquery.dataTables.min.js HTTP/1.1" 200 66248
[19/Mar/2011 02:09:31] "GET /static/js/jquery.jscrollpane.min.js HTTP/1.1" 200 14406
[19/Mar/2011 02:09:32] "GET /static/img/logo.png HTTP/1.1" 200 12816
[19/Mar/2011 02:09:32] "GET /static/img/admin/icon_addlink.gif HTTP/1.1" 200 119
[19/Mar/2011 02:09:47] "GET /change-project/ HTTP/1.1" 200 3784
[19/Mar/2011 02:09:47] "GET /static/css/main.css HTTP/1.1" 200 6239
[19/Mar/2011 02:09:48] "GET /static/js/jquery-1.5.min.js HTTP/1.1" 200 84362
[19/Mar/2011 02:09:48] "GET /static/js/jquery.dataTables.min.js HTTP/1.1" 200 66248
[19/Mar/2011 02:09:48] "GET /static/js/jquery.jscrollpane.min.js HTTP/1.1" 200 14406
[19/Mar/2011 02:09:48] "GET /static/img/logo.png HTTP/1.1" 200 12816
[19/Mar/2011 02:09:48] "GET /static/img/admin/icon_addlink.gif HTTP/1.1" 200 119
[19/Mar/2011 02:11:38] "GET /change-project/ HTTP/1.1" 200 3767
[19/Mar/2011 02:11:39] "GET /static/css/main.css HTTP/1.1" 200 6239
[19/Mar/2011 02:11:41] "GET /static/js/jquery-1.5.min.js HTTP/1.1" 200 84362
[19/Mar/2011 02:11:41] "GET /static/js/jquery.dataTables.min.js HTTP/1.1" 200 66248
[19/Mar/2011 02:11:41] "GET /static/js/jquery.jscrollpane.min.js HTTP/1.1" 200 14406
[19/Mar/2011 02:11:44] "GET /static/img/logo.png HTTP/1.1" 200 12816
[19/Mar/2011 02:11:45] "GET /static/img/admin/icon_addlink.gif HTTP/1.1" 200 119
[19/Mar/2011 02:11:58] "GET /change-project/ HTTP/1.1" 200 3771
[19/Mar/2011 02:11:58] "GET /static/js/jquery-1.5.min.js HTTP/1.1" 304 0
[19/Mar/2011 02:11:58] "GET /static/css/main.css HTTP/1.1" 304 0
[19/Mar/2011 02:11:58] "GET /static/js/jquery.dataTables.min.js HTTP/1.1" 304 0
[19/Mar/2011 02:11:58] "GET /static/js/jquery.jscrollpane.min.js HTTP/1.1" 304 0
[19/Mar/2011 02:11:59] "GET /static/img/logo.png HTTP/1.1" 304 0
[19/Mar/2011 02:11:59] "GET /static/img/admin/icon_addlink.gif HTTP/1.1" 304 0
[19/Mar/2011 02:13:05] "GET /change-project/ HTTP/1.1" 200 3770
[19/Mar/2011 02:13:06] "GET /static/js/jquery-1.5.min.js HTTP/1.1" 200 84362
[19/Mar/2011 02:13:06] "GET /static/css/main.css HTTP/1.1" 200 6239
[19/Mar/2011 02:13:06] "GET /static/js/jquery.dataTables.min.js HTTP/1.1" 200 66248
[19/Mar/2011 02:13:06] "GET /static/js/jquery.jscrollpane.min.js HTTP/1.1" 200 14406
[19/Mar/2011 02:13:06] "GET /static/img/logo.png HTTP/1.1" 200 12816
[19/Mar/2011 02:13:06] "GET /static/img/admin/icon_addlink.gif HTTP/1.1" 200 119
[19/Mar/2011 02:13:17] "GET /change-project/ HTTP/1.1" 200 3770
[19/Mar/2011 02:13:17] "GET /static/css/main.css HTTP/1.1" 200 6239
[19/Mar/2011 02:13:17] "GET /static/js/jquery-1.5.min.js HTTP/1.1" 200 84362
[19/Mar/2011 02:13:17] "GET /static/js/jquery.dataTables.min.js HTTP/1.1" 200 66248
[19/Mar/2011 02:13:17] "GET /static/js/jquery.jscrollpane.min.js HTTP/1.1" 200 14406
[19/Mar/2011 02:13:18] "GET /static/img/logo.png HTTP/1.1" 200 12816
[19/Mar/2011 02:13:18] "GET /static/img/admin/icon_addlink.gif HTTP/1.1" 200 119
[19/Mar/2011 02:13:41] "GET /change-project/ HTTP/1.1" 200 3771
[19/Mar/2011 02:13:41] "GET /static/css/main.css HTTP/1.1" 200 6239
[19/Mar/2011 02:13:41] "GET /static/js/jquery-1.5.min.js HTTP/1.1" 200 84362
[19/Mar/2011 02:13:41] "GET /static/js/jquery.dataTables.min.js HTTP/1.1" 200 66248
[19/Mar/2011 02:13:41] "GET /static/js/jquery.jscrollpane.min.js HTTP/1.1" 200 14406
[19/Mar/2011 02:13:42] "GET /static/img/logo.png HTTP/1.1" 200 12816
[19/Mar/2011 02:13:42] "GET /static/img/admin/icon_addlink.gif HTTP/1.1" 200 119
[19/Mar/2011 02:22:55] "GET /change-project/ HTTP/1.1" 200 3771
[19/Mar/2011 02:22:55] "GET /static/js/jquery-1.5.min.js HTTP/1.1" 304 0
[19/Mar/2011 02:22:55] "GET /static/css/main.css HTTP/1.1" 200 6239
[19/Mar/2011 02:22:55] "GET /static/js/jquery.dataTables.min.js HTTP/1.1" 304 0
[19/Mar/2011 02:22:55] "GET /static/js/jquery.jscrollpane.min.js HTTP/1.1" 304 0
[19/Mar/2011 02:22:56] "GET /static/img/logo.png HTTP/1.1" 304 0
[19/Mar/2011 02:22:56] "GET /static/img/admin/icon_addlink.gif HTTP/1.1" 304 0
[19/Mar/2011 02:23:50] "GET /change-project/ HTTP/1.1" 200 3794
[19/Mar/2011 02:23:51] "GET /static/js/jquery-1.5.min.js HTTP/1.1" 200 84362
[19/Mar/2011 02:23:51] "GET /static/js/jquery.dataTables.min.js HTTP/1.1" 200 66248
[19/Mar/2011 02:23:51] "GET /static/css/main.css HTTP/1.1" 200 6239
[19/Mar/2011 02:23:51] "GET /static/js/jquery.jscrollpane.min.js HTTP/1.1" 200 14406
[19/Mar/2011 02:23:52] "GET /static/img/logo.png HTTP/1.1" 200 12816
[19/Mar/2011 02:23:52] "GET /static/img/admin/icon_addlink.gif HTTP/1.1" 200 119
[19/Mar/2011 02:30:22] "GET /change-project/ HTTP/1.1" 200 3879
[19/Mar/2011 02:30:22] "GET /static/css/main.css HTTP/1.1" 200 6239
[19/Mar/2011 02:30:22] "GET /static/js/jquery-1.5.min.js HTTP/1.1" 200 84362
[19/Mar/2011 02:30:22] "GET /static/js/jquery.dataTables.min.js HTTP/1.1" 200 66248
[19/Mar/2011 02:30:22] "GET /static/js/jquery.jscrollpane.min.js HTTP/1.1" 200 14406
[19/Mar/2011 02:30:23] "GET /static/img/logo.png HTTP/1.1" 200 12816
[19/Mar/2011 02:30:23] "GET /static/img/admin/icon_addlink.gif HTTP/1.1" 200 119
[19/Mar/2011 02:31:31] "GET /change-project/ HTTP/1.1" 200 3885
[19/Mar/2011 02:31:31] "GET /static/css/main.css HTTP/1.1" 304 0
[19/Mar/2011 02:31:31] "GET /static/js/jquery.dataTables.min.js HTTP/1.1" 304 0
[19/Mar/2011 02:31:31] "GET /static/js/jquery-1.5.min.js HTTP/1.1" 304 0
[19/Mar/2011 02:31:31] "GET /static/js/jquery.jscrollpane.min.js HTTP/1.1" 304 0
[19/Mar/2011 02:31:31] "GET /static/img/logo.png HTTP/1.1" 304 0
[19/Mar/2011 02:31:31] "GET /static/img/admin/icon_addlink.gif HTTP/1.1" 304 0
[19/Mar/2011 02:34:04] "GET /change-project/ HTTP/1.1" 200 3782
[19/Mar/2011 02:34:04] "GET /static/css/main.css HTTP/1.1" 304 0
[19/Mar/2011 02:34:04] "GET /static/js/jquery-1.5.min.js HTTP/1.1" 304 0
[19/Mar/2011 02:34:04] "GET /static/js/jquery.dataTables.min.js HTTP/1.1" 304 0
[19/Mar/2011 02:34:04] "GET /static/js/jquery.jscrollpane.min.js HTTP/1.1" 304 0
[19/Mar/2011 02:34:05] "GET /static/img/logo.png HTTP/1.1" 304 0
[19/Mar/2011 02:34:05] "GET /static/img/admin/icon_addlink.gif HTTP/1.1" 304 0
[19/Mar/2011 02:35:00] "GET /change-project/ HTTP/1.1" 200 3782
[19/Mar/2011 02:35:00] "GET /static/css/main.css HTTP/1.1" 200 6213
[19/Mar/2011 02:35:00] "GET /static/js/jquery.jscrollpane.min.js HTTP/1.1" 304 0
[19/Mar/2011 02:35:00] "GET /static/js/jquery.dataTables.min.js HTTP/1.1" 304 0
[19/Mar/2011 02:35:00] "GET /static/js/jquery-1.5.min.js HTTP/1.1" 304 0
[19/Mar/2011 02:35:00] "GET /static/img/logo.png HTTP/1.1" 304 0
[19/Mar/2011 02:35:00] "GET /static/img/admin/icon_addlink.gif HTTP/1.1" 304 0
[19/Mar/2011 02:35:10] "GET /change-project/ HTTP/1.1" 200 3782
[19/Mar/2011 02:35:10] "GET /static/css/main.css HTTP/1.1" 200 6228
[19/Mar/2011 02:35:10] "GET /static/js/jquery-1.5.min.js HTTP/1.1" 304 0
[19/Mar/2011 02:35:10] "GET /static/js/jquery.dataTables.min.js HTTP/1.1" 304 0
[19/Mar/2011 02:35:10] "GET /static/js/jquery.jscrollpane.min.js HTTP/1.1" 304 0
[19/Mar/2011 02:35:10] "GET /static/img/logo.png HTTP/1.1" 304 0
[19/Mar/2011 02:35:10] "GET /static/img/admin/icon_addlink.gif HTTP/1.1" 304 0
[19/Mar/2011 02:36:39] "GET /change-project/ HTTP/1.1" 200 3803
[19/Mar/2011 02:36:39] "GET /static/css/main.css HTTP/1.1" 304 0
[19/Mar/2011 02:36:39] "GET /static/js/jquery-1.5.min.js HTTP/1.1" 304 0
[19/Mar/2011 02:36:39] "GET /static/js/jquery.dataTables.min.js HTTP/1.1" 304 0
[19/Mar/2011 02:36:39] "GET /static/js/jquery.jscrollpane.min.js HTTP/1.1" 304 0
[19/Mar/2011 02:36:39] "GET /static/img/logo.png HTTP/1.1" 304 0
[19/Mar/2011 02:36:39] "GET /static/img/admin/icon_addlink.gif HTTP/1.1" 304 0
[19/Mar/2011 02:37:38] "GET /change-project/ HTTP/1.1" 200 3810
[19/Mar/2011 02:37:38] "GET /static/css/main.css HTTP/1.1" 304 0
[19/Mar/2011 02:37:38] "GET /static/js/jquery-1.5.min.js HTTP/1.1" 304 0
[19/Mar/2011 02:37:38] "GET /static/js/jquery.dataTables.min.js HTTP/1.1" 304 0
[19/Mar/2011 02:37:38] "GET /static/js/jquery.jscrollpane.min.js HTTP/1.1" 304 0
[19/Mar/2011 02:37:39] "GET /static/img/logo.png HTTP/1.1" 304 0
[19/Mar/2011 02:37:39] "GET /static/img/admin/icon_addlink.gif HTTP/1.1" 304 0
[19/Mar/2011 02:39:05] "GET /change-project/ HTTP/1.1" 200 3833
[19/Mar/2011 02:39:05] "GET /static/css/main.css HTTP/1.1" 304 0
[19/Mar/2011 02:39:05] "GET /static/js/jquery-1.5.min.js HTTP/1.1" 304 0
[19/Mar/2011 02:39:05] "GET /static/js/jquery.jscrollpane.min.js HTTP/1.1" 304 0
[19/Mar/2011 02:39:05] "GET /static/js/jquery.dataTables.min.js HTTP/1.1" 304 0
[19/Mar/2011 02:39:06] "GET /static/img/logo.png HTTP/1.1" 304 0
[19/Mar/2011 02:39:06] "GET /static/img/admin/icon_addlink.gif HTTP/1.1" 304 0
[19/Mar/2011 09:08:19] "GET /change-project/ HTTP/1.1" 200 3871
[19/Mar/2011 09:08:19] "GET /static/css/main.css HTTP/1.1" 304 0
[19/Mar/2011 09:08:19] "GET /static/js/jquery-1.5.min.js HTTP/1.1" 304 0
[19/Mar/2011 09:08:19] "GET /static/js/jquery.dataTables.min.js HTTP/1.1" 304 0
[19/Mar/2011 09:08:19] "GET /static/js/jquery.jscrollpane.min.js HTTP/1.1" 304 0
[19/Mar/2011 09:08:19] "GET /static/img/admin/disk.png HTTP/1.1" 200 6681
[19/Mar/2011 09:08:19] "GET /static/img/logo.png HTTP/1.1" 304 0
[19/Mar/2011 09:08:19] "GET /static/img/admin/icon_addlink.gif HTTP/1.1" 304 0
[19/Mar/2011 09:13:21] "GET /change-project/ HTTP/1.1" 200 3877
[19/Mar/2011 09:13:21] "GET /static/css/main.css HTTP/1.1" 304 0
[19/Mar/2011 09:13:21] "GET /static/js/jquery-1.5.min.js HTTP/1.1" 304 0
[19/Mar/2011 09:13:21] "GET /static/js/jquery.dataTables.min.js HTTP/1.1" 304 0
[19/Mar/2011 09:13:21] "GET /static/js/jquery.jscrollpane.min.js HTTP/1.1" 304 0
[19/Mar/2011 09:13:21] "GET /static/img/logo.png HTTP/1.1" 304 0
[19/Mar/2011 09:13:21] "GET /static/img/admin/icon_addlink.gif HTTP/1.1" 304 0
[19/Mar/2011 09:13:21] "GET /static/img/admin/disk.png HTTP/1.1" 304 0
[19/Mar/2011 09:13:42] "GET /change-project/ HTTP/1.1" 200 3878
[19/Mar/2011 09:13:43] "GET /static/css/main.css HTTP/1.1" 304 0
[19/Mar/2011 09:13:43] "GET /static/js/jquery-1.5.min.js HTTP/1.1" 304 0
[19/Mar/2011 09:13:43] "GET /static/js/jquery.dataTables.min.js HTTP/1.1" 304 0
[19/Mar/2011 09:13:43] "GET /static/js/jquery.jscrollpane.min.js HTTP/1.1" 304 0
[19/Mar/2011 09:13:43] "GET /static/img/logo.png HTTP/1.1" 304 0
[19/Mar/2011 09:13:43] "GET /static/img/admin/icon_addlink.gif HTTP/1.1" 304 0
[19/Mar/2011 09:13:43] "GET /static/img/admin/disk.png HTTP/1.1" 304 0
[19/Mar/2011 10:04:11] "GET /change-project/ HTTP/1.1" 200 0
[19/Mar/2011 10:04:14] "GET /change-project/ HTTP/1.1" 200 3963
[19/Mar/2011 10:04:14] "GET /static/css/main.css HTTP/1.1" 304 0
[19/Mar/2011 10:04:14] "GET /static/js/jquery-1.5.min.js HTTP/1.1" 304 0
[19/Mar/2011 10:04:14] "GET /static/js/jquery.dataTables.min.js HTTP/1.1" 304 0
[19/Mar/2011 10:04:14] "GET /static/js/jquery.jscrollpane.min.js HTTP/1.1" 304 0
[19/Mar/2011 10:04:14] "GET /static/img/admin/icon_addlink.gif HTTP/1.1" 304 0
[19/Mar/2011 10:04:14] "GET /static/img/logo.png HTTP/1.1" 304 0
[19/Mar/2011 10:04:14] "GET /static/img/admin/disk.png HTTP/1.1" 304 0
[19/Mar/2011 10:06:01] "GET /change-project/ HTTP/1.1" 200 3986
[19/Mar/2011 10:06:01] "GET /static/css/main.css HTTP/1.1" 304 0
[19/Mar/2011 10:06:01] "GET /static/js/jquery-1.5.min.js HTTP/1.1" 304 0
[19/Mar/2011 10:06:01] "GET /static/js/jquery.dataTables.min.js HTTP/1.1" 304 0
[19/Mar/2011 10:06:01] "GET /static/js/jquery.jscrollpane.min.js HTTP/1.1" 304 0
[19/Mar/2011 10:06:02] "GET /static/img/logo.png HTTP/1.1" 304 0
[19/Mar/2011 10:06:02] "GET /static/img/admin/icon_addlink.gif HTTP/1.1" 304 0
[19/Mar/2011 10:06:02] "GET /static/img/admin/disk.png HTTP/1.1" 304 0
[19/Mar/2011 10:06:33] "GET /change-project/ HTTP/1.1" 200 3986
[19/Mar/2011 10:06:33] "GET /static/css/main.css HTTP/1.1" 304 0
[19/Mar/2011 10:06:34] "GET /static/js/jquery-1.5.min.js HTTP/1.1" 304 0
[19/Mar/2011 10:06:34] "GET /static/js/jquery.dataTables.min.js HTTP/1.1" 304 0
[19/Mar/2011 10:06:34] "GET /static/js/jquery.jscrollpane.min.js HTTP/1.1" 304 0
[19/Mar/2011 10:06:34] "GET /static/img/logo.png HTTP/1.1" 304 0
[19/Mar/2011 10:06:34] "GET /static/img/admin/icon_addlink.gif HTTP/1.1" 304 0
[19/Mar/2011 10:06:34] "GET /static/img/admin/disk.png HTTP/1.1" 304 0
[19/Mar/2011 10:16:48] "GET /change-project/ HTTP/1.1" 200 3724
[19/Mar/2011 10:16:48] "GET /static/css/main.css HTTP/1.1" 304 0
[19/Mar/2011 10:16:48] "GET /static/js/jquery-1.5.min.js HTTP/1.1" 304 0
[19/Mar/2011 10:16:48] "GET /static/js/jquery.jscrollpane.min.js HTTP/1.1" 304 0
[19/Mar/2011 10:16:48] "GET /static/js/jquery.dataTables.min.js HTTP/1.1" 304 0
[19/Mar/2011 10:16:49] "GET /static/img/logo.png HTTP/1.1" 304 0
[19/Mar/2011 10:16:49] "GET /static/img/admin/icon_addlink.gif HTTP/1.1" 304 0
[19/Mar/2011 10:16:49] "GET /static/img/admin/disk.png HTTP/1.1" 304 0
[19/Mar/2011 10:26:25] "GET /change-project/ HTTP/1.1" 200 3962
[19/Mar/2011 10:26:25] "GET /static/css/main.css HTTP/1.1" 304 0
[19/Mar/2011 10:26:25] "GET /static/js/jquery-1.5.min.js HTTP/1.1" 304 0
[19/Mar/2011 10:26:25] "GET /static/js/jquery.dataTables.min.js HTTP/1.1" 304 0
[19/Mar/2011 10:26:25] "GET /static/js/jquery.jscrollpane.min.js HTTP/1.1" 304 0
[19/Mar/2011 10:26:25] "GET /static/img/logo.png HTTP/1.1" 304 0
[19/Mar/2011 10:26:25] "GET /static/img/admin/icon_addlink.gif HTTP/1.1" 304 0
[19/Mar/2011 10:26:25] "GET /static/img/admin/disk.png HTTP/1.1" 304 0
[19/Mar/2011 10:29:28] "GET /change-project/ HTTP/1.1" 200 3998
[19/Mar/2011 10:29:28] "GET /static/js/jquery-1.5.min.js HTTP/1.1" 304 0
[19/Mar/2011 10:29:28] "GET /static/css/main.css HTTP/1.1" 304 0
[19/Mar/2011 10:29:28] "GET /static/js/jquery.dataTables.min.js HTTP/1.1" 304 0
[19/Mar/2011 10:29:28] "GET /static/js/jquery.jscrollpane.min.js HTTP/1.1" 304 0
[19/Mar/2011 10:29:28] "GET /static/img/logo.png HTTP/1.1" 304 0
[19/Mar/2011 10:29:28] "GET /static/img/admin/icon_addlink.gif HTTP/1.1" 304 0
[19/Mar/2011 10:29:28] "GET /static/img/admin/disk.png HTTP/1.1" 304 0
[19/Mar/2011 10:31:13] "GET /change-project/ HTTP/1.1" 200 4008
[19/Mar/2011 10:31:14] "GET /static/css/main.css HTTP/1.1" 304 0
[19/Mar/2011 10:31:14] "GET /static/js/jquery-1.5.min.js HTTP/1.1" 304 0
[19/Mar/2011 10:31:14] "GET /static/js/jquery.dataTables.min.js HTTP/1.1" 304 0
[19/Mar/2011 10:31:14] "GET /static/js/jquery.jscrollpane.min.js HTTP/1.1" 304 0
[19/Mar/2011 10:31:14] "GET /static/img/logo.png HTTP/1.1" 304 0
[19/Mar/2011 10:31:14] "GET /static/img/admin/icon_addlink.gif HTTP/1.1" 304 0
[19/Mar/2011 10:31:14] "GET /static/img/admin/disk.png HTTP/1.1" 304 0
[19/Mar/2011 10:32:48] "GET /change-project/ HTTP/1.1" 200 3961
[19/Mar/2011 10:32:48] "GET /static/css/main.css HTTP/1.1" 304 0
[19/Mar/2011 10:32:48] "GET /static/js/jquery-1.5.min.js HTTP/1.1" 304 0
[19/Mar/2011 10:32:48] "GET /static/js/jquery.dataTables.min.js HTTP/1.1" 304 0
[19/Mar/2011 10:32:48] "GET /static/js/jquery.jscrollpane.min.js HTTP/1.1" 304 0
[19/Mar/2011 10:32:49] "GET /static/img/logo.png HTTP/1.1" 304 0
[19/Mar/2011 10:32:49] "GET /static/img/admin/icon_addlink.gif HTTP/1.1" 304 0
[19/Mar/2011 10:32:49] "GET /static/img/admin/disk.png HTTP/1.1" 304 0
[19/Mar/2011 10:37:08] "GET /change-project/ HTTP/1.1" 200 3962
[19/Mar/2011 10:37:08] "GET /static/css/main.css HTTP/1.1" 304 0
[19/Mar/2011 10:37:08] "GET /static/js/jquery-1.5.min.js HTTP/1.1" 304 0
[19/Mar/2011 10:37:08] "GET /static/js/jquery.dataTables.min.js HTTP/1.1" 304 0
[19/Mar/2011 10:37:08] "GET /static/js/jquery.jscrollpane.min.js HTTP/1.1" 304 0
[19/Mar/2011 10:37:09] "GET /static/img/logo.png HTTP/1.1" 304 0
[19/Mar/2011 10:37:09] "GET /static/img/admin/icon_addlink.gif HTTP/1.1" 304 0
[19/Mar/2011 10:37:09] "GET /static/img/admin/disk.png HTTP/1.1" 304 0
[19/Mar/2011 10:39:01] "GET /change-project/ HTTP/1.1" 200 3940
[19/Mar/2011 10:39:01] "GET /static/css/main.css HTTP/1.1" 304 0
[19/Mar/2011 10:39:01] "GET /static/js/jquery-1.5.min.js HTTP/1.1" 304 0
[19/Mar/2011 10:39:01] "GET /static/js/jquery.jscrollpane.min.js HTTP/1.1" 304 0
[19/Mar/2011 10:39:01] "GET /static/js/jquery.dataTables.min.js HTTP/1.1" 304 0
[19/Mar/2011 10:39:02] "GET /static/img/logo.png HTTP/1.1" 304 0
[19/Mar/2011 10:39:02] "GET /static/img/admin/icon_addlink.gif HTTP/1.1" 304 0
[19/Mar/2011 10:39:02] "GET /static/img/admin/disk.png HTTP/1.1" 304 0
[19/Mar/2011 10:39:48] "GET /change-project/ HTTP/1.1" 200 3941
[19/Mar/2011 10:39:48] "GET /static/css/main.css HTTP/1.1" 304 0
[19/Mar/2011 10:39:48] "GET /static/js/jquery-1.5.min.js HTTP/1.1" 304 0
[19/Mar/2011 10:39:48] "GET /static/js/jquery.dataTables.min.js HTTP/1.1" 304 0
[19/Mar/2011 10:39:48] "GET /static/js/jquery.jscrollpane.min.js HTTP/1.1" 304 0
[19/Mar/2011 10:39:48] "GET /static/img/logo.png HTTP/1.1" 304 0
[19/Mar/2011 10:39:48] "GET /static/img/admin/icon_addlink.gif HTTP/1.1" 304 0
[19/Mar/2011 10:39:48] "GET /static/img/admin/disk.png HTTP/1.1" 304 0
[19/Mar/2011 10:40:00] "GET /change-project/ HTTP/1.1" 200 3944
[19/Mar/2011 10:40:00] "GET /static/css/main.css HTTP/1.1" 304 0
[19/Mar/2011 10:40:00] "GET /static/js/jquery-1.5.min.js HTTP/1.1" 304 0
[19/Mar/2011 10:40:00] "GET /static/js/jquery.dataTables.min.js HTTP/1.1" 304 0
[19/Mar/2011 10:40:00] "GET /static/js/jquery.jscrollpane.min.js HTTP/1.1" 304 0
[19/Mar/2011 10:40:00] "GET /static/img/logo.png HTTP/1.1" 304 0
[19/Mar/2011 10:40:00] "GET /static/img/admin/icon_addlink.gif HTTP/1.1" 304 0
[19/Mar/2011 10:40:00] "GET /static/img/admin/disk.png HTTP/1.1" 304 0
[19/Mar/2011 10:40:30] "GET /change-project/ HTTP/1.1" 200 3938
[19/Mar/2011 10:40:31] "GET /static/css/main.css HTTP/1.1" 304 0
[19/Mar/2011 10:40:31] "GET /static/js/jquery-1.5.min.js HTTP/1.1" 304 0
[19/Mar/2011 10:40:31] "GET /static/js/jquery.dataTables.min.js HTTP/1.1" 304 0
[19/Mar/2011 10:40:31] "GET /static/js/jquery.jscrollpane.min.js HTTP/1.1" 304 0
[19/Mar/2011 10:40:31] "GET /static/img/logo.png HTTP/1.1" 304 0
[19/Mar/2011 10:40:31] "GET /static/img/admin/icon_addlink.gif HTTP/1.1" 304 0
[19/Mar/2011 10:40:31] "GET /static/img/admin/disk.png HTTP/1.1" 304 0
[19/Mar/2011 10:46:58] "GET /change-project/ HTTP/1.1" 200 4007
[19/Mar/2011 10:46:58] "GET /static/css/main.css HTTP/1.1" 304 0
[19/Mar/2011 10:46:58] "GET /static/js/jquery-1.5.min.js HTTP/1.1" 304 0
[19/Mar/2011 10:46:58] "GET /static/js/jquery.dataTables.min.js HTTP/1.1" 304 0
[19/Mar/2011 10:46:58] "GET /static/js/jquery.jscrollpane.min.js HTTP/1.1" 304 0
[19/Mar/2011 10:46:58] "GET /static/img/logo.png HTTP/1.1" 304 0
[19/Mar/2011 10:46:59] "GET /static/img/admin/disk.png HTTP/1.1" 304 0
[19/Mar/2011 10:46:59] "GET /static/img/admin/icon_addlink.gif HTTP/1.1" 304 0
[19/Mar/2011 10:47:44] "GET /change-project/ HTTP/1.1" 200 4022
[19/Mar/2011 10:47:44] "GET /static/css/main.css HTTP/1.1" 304 0
[19/Mar/2011 10:47:44] "GET /static/js/jquery-1.5.min.js HTTP/1.1" 304 0
[19/Mar/2011 10:47:44] "GET /static/js/jquery.dataTables.min.js HTTP/1.1" 304 0
[19/Mar/2011 10:47:44] "GET /static/js/jquery.jscrollpane.min.js HTTP/1.1" 304 0
[19/Mar/2011 10:47:45] "GET /static/img/logo.png HTTP/1.1" 304 0
[19/Mar/2011 10:47:45] "GET /static/img/admin/icon_addlink.gif HTTP/1.1" 304 0
[19/Mar/2011 10:47:45] "GET /static/img/admin/disk.png HTTP/1.1" 304 0
[19/Mar/2011 10:48:39] "GET /change-project/ HTTP/1.1" 200 4031
[19/Mar/2011 10:48:40] "GET /static/css/main.css HTTP/1.1" 304 0
[19/Mar/2011 10:48:40] "GET /static/js/jquery-1.5.min.js HTTP/1.1" 304 0
[19/Mar/2011 10:48:40] "GET /static/js/jquery.dataTables.min.js HTTP/1.1" 304 0
[19/Mar/2011 10:48:40] "GET /static/js/jquery.jscrollpane.min.js HTTP/1.1" 304 0
[19/Mar/2011 10:48:40] "GET /static/img/logo.png HTTP/1.1" 304 0
[19/Mar/2011 10:48:40] "GET /static/img/admin/icon_addlink.gif HTTP/1.1" 304 0
[19/Mar/2011 10:48:40] "GET /static/img/admin/disk.png HTTP/1.1" 304 0
[19/Mar/2011 10:50:06] "GET /change-project/ HTTP/1.1" 200 3996
[19/Mar/2011 10:50:06] "GET /static/css/main.css HTTP/1.1" 304 0
[19/Mar/2011 10:50:07] "GET /static/js/jquery.dataTables.min.js HTTP/1.1" 304 0
[19/Mar/2011 10:50:07] "GET /static/js/jquery-1.5.min.js HTTP/1.1" 304 0
[19/Mar/2011 10:50:07] "GET /static/js/jquery.jscrollpane.min.js HTTP/1.1" 304 0
[19/Mar/2011 10:50:07] "GET /static/img/logo.png HTTP/1.1" 304 0
[19/Mar/2011 10:50:07] "GET /static/img/admin/icon_addlink.gif HTTP/1.1" 304 0
[19/Mar/2011 10:50:07] "GET /static/img/admin/disk.png HTTP/1.1" 304 0
[19/Mar/2011 10:53:06] "GET /change-project/ HTTP/1.1" 200 3825
[19/Mar/2011 10:53:06] "GET /static/css/main.css HTTP/1.1" 304 0
[19/Mar/2011 10:53:06] "GET /static/js/jquery-1.5.min.js HTTP/1.1" 304 0
[19/Mar/2011 10:53:06] "GET /static/js/jquery.dataTables.min.js HTTP/1.1" 304 0
[19/Mar/2011 10:53:06] "GET /static/js/jquery.jscrollpane.min.js HTTP/1.1" 304 0
[19/Mar/2011 10:53:06] "GET /static/img/logo.png HTTP/1.1" 304 0
[19/Mar/2011 10:53:06] "GET /static/img/admin/icon_addlink.gif HTTP/1.1" 304 0
[19/Mar/2011 10:53:06] "GET /static/img/admin/disk.png HTTP/1.1" 304 0
[19/Mar/2011 10:53:30] "GET /change-project/ HTTP/1.1" 200 3829
[19/Mar/2011 10:53:30] "GET /static/css/main.css HTTP/1.1" 304 0
[19/Mar/2011 10:53:30] "GET /static/js/jquery-1.5.min.js HTTP/1.1" 304 0
[19/Mar/2011 10:53:30] "GET /static/js/jquery.dataTables.min.js HTTP/1.1" 304 0
[19/Mar/2011 10:53:30] "GET /static/js/jquery.jscrollpane.min.js HTTP/1.1" 304 0
[19/Mar/2011 10:53:31] "GET /static/img/logo.png HTTP/1.1" 304 0
[19/Mar/2011 10:53:31] "GET /static/img/admin/icon_addlink.gif HTTP/1.1" 304 0
[19/Mar/2011 10:53:31] "GET /static/img/admin/disk.png HTTP/1.1" 304 0
[19/Mar/2011 10:54:57] "GET /change-project/ HTTP/1.1" 200 3829
[19/Mar/2011 10:54:57] "GET /static/css/main.css HTTP/1.1" 304 0
[19/Mar/2011 10:54:57] "GET /static/js/jquery-1.5.min.js HTTP/1.1" 304 0
[19/Mar/2011 10:54:57] "GET /static/js/jquery.dataTables.min.js HTTP/1.1" 304 0
[19/Mar/2011 10:54:57] "GET /static/js/jquery.jscrollpane.min.js HTTP/1.1" 304 0
[19/Mar/2011 10:54:57] "GET /static/img/logo.png HTTP/1.1" 304 0
[19/Mar/2011 10:54:57] "GET /static/img/admin/icon_addlink.gif HTTP/1.1" 304 0
[19/Mar/2011 10:54:57] "GET /static/img/admin/disk.png HTTP/1.1" 304 0
[19/Mar/2011 11:08:58] "GET /admin/ HTTP/1.1" 500 495192
[19/Mar/2011 11:09:01] "GET /create-project/ HTTP/1.1" 404 2322
[19/Mar/2011 11:09:09] "GET /change-project/ HTTP/1.1" 200 3829
[19/Mar/2011 11:09:09] "GET /static/img/admin/disk.png HTTP/1.1" 304 0
[19/Mar/2011 11:10:50] "GET /change-project/ HTTP/1.1" 200 3815
[19/Mar/2011 11:10:50] "GET /static/css/main.css HTTP/1.1" 304 0
[19/Mar/2011 11:10:50] "GET /static/img/logo.png HTTP/1.1" 304 0
[19/Mar/2011 11:10:50] "GET /static/img/admin/icon_addlink.gif HTTP/1.1" 304 0
[19/Mar/2011 11:10:50] "GET /static/img/admin/disk.png HTTP/1.1" 304 0
[19/Mar/2011 11:11:37] "GET /change-project/ HTTP/1.1" 200 3751
[19/Mar/2011 11:11:37] "GET /static/css/main.css HTTP/1.1" 304 0
[19/Mar/2011 11:11:37] "GET /static/js/jquery-1.5.min.js HTTP/1.1" 304 0
[19/Mar/2011 11:11:37] "GET /static/js/jquery.dataTables.min.js HTTP/1.1" 304 0
[19/Mar/2011 11:11:37] "GET /static/js/jquery.jscrollpane.min.js HTTP/1.1" 304 0
[19/Mar/2011 11:11:38] "GET /static/img/logo.png HTTP/1.1" 304 0
[19/Mar/2011 11:11:38] "GET /static/img/admin/icon_addlink.gif HTTP/1.1" 304 0
[19/Mar/2011 11:11:38] "GET /static/img/admin/disk.png HTTP/1.1" 304 0
[19/Mar/2011 11:11:55] "GET /change-project/ HTTP/1.1" 200 3744
[19/Mar/2011 11:11:55] "GET /static/js/jquery-1.5.min.js HTTP/1.1" 304 0
[19/Mar/2011 11:11:55] "GET /static/css/main.css HTTP/1.1" 304 0
[19/Mar/2011 11:11:55] "GET /static/js/jquery.dataTables.min.js HTTP/1.1" 304 0
[19/Mar/2011 11:11:55] "GET /static/js/jquery.jscrollpane.min.js HTTP/1.1" 304 0
[19/Mar/2011 11:11:55] "GET /static/img/logo.png HTTP/1.1" 304 0
[19/Mar/2011 11:11:55] "GET /static/img/admin/icon_addlink.gif HTTP/1.1" 304 0
[19/Mar/2011 11:11:55] "GET /static/img/admin/disk.png HTTP/1.1" 304 0
[19/Mar/2011 11:12:13] "GET /change-project/ HTTP/1.1" 200 3815
[19/Mar/2011 11:12:13] "GET /static/css/main.css HTTP/1.1" 304 0
[19/Mar/2011 11:12:13] "GET /static/js/jquery-1.5.min.js HTTP/1.1" 304 0
[19/Mar/2011 11:12:13] "GET /static/js/jquery.jscrollpane.min.js HTTP/1.1" 304 0
[19/Mar/2011 11:12:13] "GET /static/js/jquery.dataTables.min.js HTTP/1.1" 304 0
[19/Mar/2011 11:12:13] "GET /static/img/admin/icon_addlink.gif HTTP/1.1" 304 0
[19/Mar/2011 11:12:13] "GET /static/img/logo.png HTTP/1.1" 304 0
[19/Mar/2011 11:12:13] "GET /static/img/admin/disk.png HTTP/1.1" 304 0
[19/Mar/2011 11:20:45] "GET /change-project/ HTTP/1.1" 200 0
[19/Mar/2011 11:20:48] "GET /change-project/ HTTP/1.1" 200 3838
[19/Mar/2011 11:20:48] "GET /static/css/main.css HTTP/1.1" 304 0
[19/Mar/2011 11:20:48] "GET /static/js/jquery-1.5.min.js HTTP/1.1" 304 0
[19/Mar/2011 11:20:48] "GET /static/js/jquery.dataTables.min.js HTTP/1.1" 304 0
[19/Mar/2011 11:20:48] "GET /static/js/jquery.jscrollpane.min.js HTTP/1.1" 304 0
[19/Mar/2011 11:20:48] "GET /static/img/logo.png HTTP/1.1" 304 0
[19/Mar/2011 11:20:48] "GET /static/img/admin/icon_addlink.gif HTTP/1.1" 304 0
[19/Mar/2011 11:20:48] "GET /static/img/admin/disk.png HTTP/1.1" 304 0
[19/Mar/2011 11:22:37] "GET /change-project/ HTTP/1.1" 200 3928
[19/Mar/2011 11:22:37] "GET /static/js/jquery-1.5.min.js HTTP/1.1" 304 0
[19/Mar/2011 11:22:37] "GET /static/css/main.css HTTP/1.1" 304 0
[19/Mar/2011 11:22:37] "GET /static/js/jquery.dataTables.min.js HTTP/1.1" 304 0
[19/Mar/2011 11:22:37] "GET /static/js/jquery.jscrollpane.min.js HTTP/1.1" 304 0
[19/Mar/2011 11:22:37] "GET /static/img/logo.png HTTP/1.1" 304 0
[19/Mar/2011 11:22:37] "GET /static/img/admin/disk.png HTTP/1.1" 304 0
[19/Mar/2011 11:22:37] "GET /static/img/admin/icon_addlink.gif HTTP/1.1" 304 0
[19/Mar/2011 11:26:00] "GET /change-project/ HTTP/1.1" 200 3914
[19/Mar/2011 11:26:44] "GET /change-project/ HTTP/1.1" 200 3953
[19/Mar/2011 11:26:44] "GET /static/css/main.css HTTP/1.1" 304 0
[19/Mar/2011 11:26:44] "GET /static/js/jquery-1.5.min.js HTTP/1.1" 304 0
[19/Mar/2011 11:26:44] "GET /static/js/jquery.dataTables.min.js HTTP/1.1" 304 0
[19/Mar/2011 11:26:44] "GET /static/js/jquery.jscrollpane.min.js HTTP/1.1" 304 0
[19/Mar/2011 11:26:44] "GET /static/img/logo.png HTTP/1.1" 304 0
[19/Mar/2011 11:26:44] "GET /static/img/admin/icon_addlink.gif HTTP/1.1" 304 0
[19/Mar/2011 11:26:44] "GET /static/img/admin/disk.png HTTP/1.1" 304 0
[19/Mar/2011 11:26:55] "GET /change-project/ HTTP/1.1" 200 3955
[19/Mar/2011 11:26:55] "GET /static/js/jquery-1.5.min.js HTTP/1.1" 304 0
[19/Mar/2011 11:26:55] "GET /static/css/main.css HTTP/1.1" 304 0
[19/Mar/2011 11:26:55] "GET /static/js/jquery.dataTables.min.js HTTP/1.1" 304 0
[19/Mar/2011 11:26:55] "GET /static/js/jquery.jscrollpane.min.js HTTP/1.1" 304 0
[19/Mar/2011 11:26:55] "GET /static/img/logo.png HTTP/1.1" 304 0
[19/Mar/2011 11:26:55] "GET /static/img/admin/icon_addlink.gif HTTP/1.1" 304 0
[19/Mar/2011 11:26:55] "GET /static/img/admin/disk.png HTTP/1.1" 304 0
[19/Mar/2011 11:27:04] "GET /redhat.test0:) HTTP/1.1" 404 2307
[19/Mar/2011 11:27:05] "GET //index.html HTTP/1.1" 404 2285
[19/Mar/2011 11:27:32] "GET /change-project/ HTTP/1.1" 200 3963
[19/Mar/2011 11:27:33] "GET /static/css/main.css HTTP/1.1" 304 0
[19/Mar/2011 11:27:33] "GET /static/js/jquery-1.5.min.js HTTP/1.1" 304 0
[19/Mar/2011 11:27:33] "GET /static/js/jquery.dataTables.min.js HTTP/1.1" 304 0
[19/Mar/2011 11:27:33] "GET /static/js/jquery.jscrollpane.min.js HTTP/1.1" 304 0
[19/Mar/2011 11:27:33] "GET /static/img/logo.png HTTP/1.1" 304 0
[19/Mar/2011 11:27:33] "GET /static/img/admin/icon_addlink.gif HTTP/1.1" 304 0
[19/Mar/2011 11:27:33] "GET /static/img/admin/disk.png HTTP/1.1" 304 0
[19/Mar/2011 11:27:40] "GET /change-project/ HTTP/1.1" 200 3969
[19/Mar/2011 11:27:40] "GET /static/css/main.css HTTP/1.1" 304 0
[19/Mar/2011 11:27:40] "GET /static/js/jquery-1.5.min.js HTTP/1.1" 304 0
[19/Mar/2011 11:27:40] "GET /static/js/jquery.dataTables.min.js HTTP/1.1" 304 0
[19/Mar/2011 11:27:40] "GET /static/js/jquery.jscrollpane.min.js HTTP/1.1" 304 0
[19/Mar/2011 11:27:40] "GET /static/img/admin/icon_addlink.gif HTTP/1.1" 304 0
[19/Mar/2011 11:27:40] "GET /static/img/logo.png HTTP/1.1" 304 0
[19/Mar/2011 11:27:40] "GET /static/img/admin/disk.png HTTP/1.1" 304 0
[19/Mar/2011 11:34:05] "GET /change-project/ HTTP/1.1" 200 3931
[19/Mar/2011 11:34:05] "GET /static/css/main.css HTTP/1.1" 304 0
[19/Mar/2011 11:34:05] "GET /static/js/jquery-1.5.min.js HTTP/1.1" 304 0
[19/Mar/2011 11:34:05] "GET /static/js/jquery.dataTables.min.js HTTP/1.1" 304 0
[19/Mar/2011 11:34:05] "GET /static/js/jquery.jscrollpane.min.js HTTP/1.1" 304 0
[19/Mar/2011 11:34:06] "GET /static/img/logo.png HTTP/1.1" 304 0
[19/Mar/2011 11:34:06] "GET /static/img/admin/icon_addlink.gif HTTP/1.1" 304 0
[19/Mar/2011 11:34:06] "GET /static/img/admin/disk.png HTTP/1.1" 304 0
[19/Mar/2011 11:45:23] "GET /change-project/ HTTP/1.1" 200 3939
[19/Mar/2011 11:45:23] "GET /static/css/main.css HTTP/1.1" 304 0
[19/Mar/2011 11:45:23] "GET /static/js/jquery-1.5.min.js HTTP/1.1" 304 0
[19/Mar/2011 11:45:23] "GET /static/js/jquery.dataTables.min.js HTTP/1.1" 304 0
[19/Mar/2011 11:45:23] "GET /static/js/jquery.jscrollpane.min.js HTTP/1.1" 304 0
[19/Mar/2011 11:45:23] "GET /static/img/logo.png HTTP/1.1" 304 0
[19/Mar/2011 11:45:23] "GET /static/img/admin/icon_addlink.gif HTTP/1.1" 304 0
[19/Mar/2011 11:45:24] "GET /static/img/admin/disk.png HTTP/1.1" 304 0
[19/Mar/2011 11:47:12] "GET /change-project/ HTTP/1.1" 200 3945
[19/Mar/2011 11:47:13] "GET /static/css/main.css HTTP/1.1" 304 0
[19/Mar/2011 11:47:13] "GET /static/js/jquery-1.5.min.js HTTP/1.1" 304 0
[19/Mar/2011 11:47:13] "GET /static/js/jquery.dataTables.min.js HTTP/1.1" 304 0
[19/Mar/2011 11:47:13] "GET /static/js/jquery.jscrollpane.min.js HTTP/1.1" 304 0
[19/Mar/2011 11:47:13] "GET /static/img/admin/icon_addlink.gif HTTP/1.1" 304 0
[19/Mar/2011 11:47:13] "GET /static/img/logo.png HTTP/1.1" 304 0
[19/Mar/2011 11:47:13] "GET /static/img/admin/disk.png HTTP/1.1" 304 0
[19/Mar/2011 11:51:29] "GET /change-project/ HTTP/1.1" 200 3945
[19/Mar/2011 11:51:29] "GET /static/css/main.css HTTP/1.1" 200 6229
[19/Mar/2011 11:51:29] "GET /static/js/jquery-1.5.min.js HTTP/1.1" 304 0
[19/Mar/2011 11:51:29] "GET /static/js/jquery.dataTables.min.js HTTP/1.1" 304 0
[19/Mar/2011 11:51:29] "GET /static/js/jquery.jscrollpane.min.js HTTP/1.1" 304 0
[19/Mar/2011 11:51:29] "GET /static/img/logo.png HTTP/1.1" 304 0
[19/Mar/2011 11:51:29] "GET /static/img/admin/icon_addlink.gif HTTP/1.1" 304 0
[19/Mar/2011 11:51:29] "GET /static/img/admin/disk.png HTTP/1.1" 304 0
[19/Mar/2011 12:27:53] "GET /change-project/ HTTP/1.1" 200 3991
[19/Mar/2011 12:27:53] "GET /static/css/main.css HTTP/1.1" 304 0
[19/Mar/2011 12:27:53] "GET /static/js/jquery-1.5.min.js HTTP/1.1" 304 0
[19/Mar/2011 12:27:53] "GET /static/js/jquery.dataTables.min.js HTTP/1.1" 304 0
[19/Mar/2011 12:27:53] "GET /static/js/jquery.jscrollpane.min.js HTTP/1.1" 304 0
[19/Mar/2011 12:27:54] "GET /static/img/logo.png HTTP/1.1" 304 0
[19/Mar/2011 12:27:54] "GET /static/img/admin/icon_addlink.gif HTTP/1.1" 304 0
[19/Mar/2011 12:27:54] "GET /static/img/admin/disk.png HTTP/1.1" 304 0
[19/Mar/2011 12:29:19] "GET /change-project/ HTTP/1.1" 200 3986
[19/Mar/2011 12:29:19] "GET /static/js/jquery-1.5.min.js HTTP/1.1" 304 0
[19/Mar/2011 12:29:19] "GET /static/css/main.css HTTP/1.1" 304 0
[19/Mar/2011 12:29:19] "GET /static/js/jquery.dataTables.min.js HTTP/1.1" 304 0
[19/Mar/2011 12:29:19] "GET /static/js/jquery.jscrollpane.min.js HTTP/1.1" 304 0
[19/Mar/2011 12:29:19] "GET /static/img/admin/icon_addlink.gif HTTP/1.1" 304 0
[19/Mar/2011 12:29:19] "GET /static/img/logo.png HTTP/1.1" 304 0
[19/Mar/2011 12:29:19] "GET /static/img/admin/disk.png HTTP/1.1" 304 0
[19/Mar/2011 12:29:43] "GET /change-project/ HTTP/1.1" 200 3998
[19/Mar/2011 12:29:43] "GET /static/css/main.css HTTP/1.1" 304 0
[19/Mar/2011 12:29:43] "GET /static/js/jquery-1.5.min.js HTTP/1.1" 304 0
[19/Mar/2011 12:29:43] "GET /static/js/jquery.dataTables.min.js HTTP/1.1" 304 0
[19/Mar/2011 12:29:43] "GET /static/js/jquery.jscrollpane.min.js HTTP/1.1" 304 0
[19/Mar/2011 12:29:44] "GET /static/img/logo.png HTTP/1.1" 304 0
[19/Mar/2011 12:29:44] "GET /static/img/admin/icon_addlink.gif HTTP/1.1" 304 0
[19/Mar/2011 12:29:44] "GET /static/img/admin/disk.png HTTP/1.1" 304 0
[19/Mar/2011 12:30:22] "GET /change-project/ HTTP/1.1" 200 0
[19/Mar/2011 12:30:28] "GET /change-project/ HTTP/1.1" 200 4018
[19/Mar/2011 12:30:30] "GET /static/css/main.css HTTP/1.1" 304 0
[19/Mar/2011 12:30:30] "GET /static/js/jquery-1.5.min.js HTTP/1.1" 304 0
[19/Mar/2011 12:30:30] "GET /static/js/jquery.dataTables.min.js HTTP/1.1" 304 0
[19/Mar/2011 12:30:30] "GET /static/js/jquery.jscrollpane.min.js HTTP/1.1" 304 0
[19/Mar/2011 12:30:31] "GET /static/img/logo.png HTTP/1.1" 304 0
[19/Mar/2011 12:30:31] "GET /static/img/admin/icon_addlink.gif HTTP/1.1" 304 0
[19/Mar/2011 12:30:31] "GET /static/img/admin/disk.png HTTP/1.1" 304 0
[19/Mar/2011 12:30:44] "GET /change-project/ HTTP/1.1" 200 4022
[19/Mar/2011 12:30:45] "GET /static/css/main.css HTTP/1.1" 304 0
[19/Mar/2011 12:30:45] "GET /static/js/jquery-1.5.min.js HTTP/1.1" 304 0
[19/Mar/2011 12:30:45] "GET /static/js/jquery.dataTables.min.js HTTP/1.1" 304 0
[19/Mar/2011 12:30:45] "GET /static/js/jquery.jscrollpane.min.js HTTP/1.1" 304 0
[19/Mar/2011 12:30:45] "GET /static/img/logo.png HTTP/1.1" 304 0
[19/Mar/2011 12:30:45] "GET /static/img/admin/disk.png HTTP/1.1" 304 0
[19/Mar/2011 12:30:45] "GET /static/img/admin/icon_addlink.gif HTTP/1.1" 304 0
[19/Mar/2011 12:31:02] "GET /change-project/ HTTP/1.1" 200 4016
[19/Mar/2011 12:31:03] "GET /static/css/main.css HTTP/1.1" 304 0
[19/Mar/2011 12:31:03] "GET /static/js/jquery-1.5.min.js HTTP/1.1" 304 0
[19/Mar/2011 12:31:03] "GET /static/js/jquery.dataTables.min.js HTTP/1.1" 304 0
[19/Mar/2011 12:31:03] "GET /static/js/jquery.jscrollpane.min.js HTTP/1.1" 304 0
[19/Mar/2011 12:31:03] "GET /static/img/logo.png HTTP/1.1" 304 0
[19/Mar/2011 12:31:03] "GET /static/img/admin/icon_addlink.gif HTTP/1.1" 304 0
[19/Mar/2011 12:31:03] "GET /static/img/admin/disk.png HTTP/1.1" 304 0
[19/Mar/2011 12:32:48] "GET /change-project/ HTTP/1.1" 200 4002
[19/Mar/2011 12:32:48] "GET /static/css/main.css HTTP/1.1" 304 0
[19/Mar/2011 12:32:48] "GET /static/js/jquery-1.5.min.js HTTP/1.1" 304 0
[19/Mar/2011 12:32:48] "GET /static/js/jquery.dataTables.min.js HTTP/1.1" 304 0
[19/Mar/2011 12:32:48] "GET /static/js/jquery.jscrollpane.min.js HTTP/1.1" 304 0
[19/Mar/2011 12:32:48] "GET /static/img/logo.png HTTP/1.1" 304 0
[19/Mar/2011 12:32:48] "GET /static/img/admin/icon_addlink.gif HTTP/1.1" 304 0
[19/Mar/2011 12:32:48] "GET /static/img/admin/disk.png HTTP/1.1" 304 0
[19/Mar/2011 12:33:08] "GET /change-project/ HTTP/1.1" 200 4011
[19/Mar/2011 12:33:08] "GET /static/css/main.css HTTP/1.1" 304 0
[19/Mar/2011 12:33:08] "GET /static/js/jquery-1.5.min.js HTTP/1.1" 304 0
[19/Mar/2011 12:33:08] "GET /static/js/jquery.dataTables.min.js HTTP/1.1" 304 0
[19/Mar/2011 12:33:08] "GET /static/js/jquery.jscrollpane.min.js HTTP/1.1" 304 0
[19/Mar/2011 12:33:08] "GET /static/img/logo.png HTTP/1.1" 304 0
[19/Mar/2011 12:33:08] "GET /static/img/admin/icon_addlink.gif HTTP/1.1" 304 0
[19/Mar/2011 12:33:08] "GET /static/img/admin/disk.png HTTP/1.1" 304 0
[19/Mar/2011 12:33:21] "GET /change-project/ HTTP/1.1" 200 4011
[19/Mar/2011 12:33:21] "GET /static/css/main.css HTTP/1.1" 304 0
[19/Mar/2011 12:33:21] "GET /static/js/jquery-1.5.min.js HTTP/1.1" 304 0
[19/Mar/2011 12:33:21] "GET /static/js/jquery.dataTables.min.js HTTP/1.1" 304 0
[19/Mar/2011 12:33:21] "GET /static/js/jquery.jscrollpane.min.js HTTP/1.1" 304 0
[19/Mar/2011 12:33:22] "GET /static/img/logo.png HTTP/1.1" 304 0
[19/Mar/2011 12:33:22] "GET /static/img/admin/icon_addlink.gif HTTP/1.1" 304 0
[19/Mar/2011 12:33:22] "GET /static/img/admin/disk.png HTTP/1.1" 304 0
[19/Mar/2011 12:34:58] "GET /change-project/ HTTP/1.1" 200 4016
[19/Mar/2011 12:35:54] "GET /change-project/ HTTP/1.1" 200 4016
[19/Mar/2011 12:35:54] "GET /static/js/jquery-1.5.min.js HTTP/1.1" 200 84362
[19/Mar/2011 12:35:54] "GET /static/js/jquery.jscrollpane.min.js HTTP/1.1" 200 14406
[19/Mar/2011 12:35:54] "GET /static/css/main.css HTTP/1.1" 200 6229
[19/Mar/2011 12:35:55] "GET /static/js/jquery.dataTables.min.js HTTP/1.1" 200 66248
[19/Mar/2011 12:35:55] "GET /static/img/admin/icon_addlink.gif HTTP/1.1" 200 119
[19/Mar/2011 12:35:55] "GET /static/img/logo.png HTTP/1.1" 200 12816
[19/Mar/2011 12:35:55] "GET /static/img/admin/disk.png HTTP/1.1" 200 6681
[19/Mar/2011 12:37:30] "GET /change-project/ HTTP/1.1" 200 4020
[19/Mar/2011 12:37:30] "GET /static/js/jquery-1.5.min.js HTTP/1.1" 304 0
[19/Mar/2011 12:37:30] "GET /static/css/main.css HTTP/1.1" 304 0
[19/Mar/2011 12:37:30] "GET /static/js/jquery.dataTables.min.js HTTP/1.1" 304 0
[19/Mar/2011 12:37:30] "GET /static/js/jquery.jscrollpane.min.js HTTP/1.1" 304 0
[19/Mar/2011 12:37:30] "GET /static/img/admin/icon_yes.gif HTTP/1.1" 404 1800
[19/Mar/2011 12:37:30] "GET /static/img/logo.png HTTP/1.1" 304 0
[19/Mar/2011 12:37:30] "GET /static/img/admin/icon_addlink.gif HTTP/1.1" 304 0
[19/Mar/2011 12:37:31] "GET /static/img/admin/icon_yes.gif HTTP/1.1" 404 1800
[19/Mar/2011 12:37:43] "GET /change-project/ HTTP/1.1" 200 4020
[19/Mar/2011 12:37:43] "GET /static/img/admin/icon_yes.gif HTTP/1.1" 404 1800
[19/Mar/2011 12:37:43] "GET /static/css/main.css HTTP/1.1" 304 0
[19/Mar/2011 12:37:43] "GET /static/js/jquery-1.5.min.js HTTP/1.1" 304 0
[19/Mar/2011 12:37:43] "GET /static/js/jquery.dataTables.min.js HTTP/1.1" 304 0
[19/Mar/2011 12:37:43] "GET /static/js/jquery.jscrollpane.min.js HTTP/1.1" 304 0
[19/Mar/2011 12:37:44] "GET /static/img/logo.png HTTP/1.1" 304 0
[19/Mar/2011 12:37:44] "GET /static/img/admin/icon-yes.gif HTTP/1.1" 200 299
[19/Mar/2011 12:37:44] "GET /static/img/admin/icon_addlink.gif HTTP/1.1" 304 0
[19/Mar/2011 12:41:35] "GET /change-project/ HTTP/1.1" 200 4025
[19/Mar/2011 12:41:35] "GET /static/css/main.css HTTP/1.1" 304 0
[19/Mar/2011 12:41:35] "GET /static/js/jquery-1.5.min.js HTTP/1.1" 304 0
[19/Mar/2011 12:41:35] "GET /static/js/jquery.dataTables.min.js HTTP/1.1" 304 0
[19/Mar/2011 12:41:35] "GET /static/js/jquery.jscrollpane.min.js HTTP/1.1" 304 0
[19/Mar/2011 12:41:35] "GET /static/img/logo.png HTTP/1.1" 304 0
[19/Mar/2011 12:41:35] "GET /static/img/admin/icon_addlink.gif HTTP/1.1" 304 0
[19/Mar/2011 12:41:35] "GET /static/img/admin/icon-yes.gif HTTP/1.1" 304 0
[19/Mar/2011 12:42:01] "GET /change-project/ HTTP/1.1" 200 4014
[19/Mar/2011 12:42:01] "GET /static/css/main.css HTTP/1.1" 304 0
[19/Mar/2011 12:42:01] "GET /static/js/jquery-1.5.min.js HTTP/1.1" 304 0
[19/Mar/2011 12:42:01] "GET /static/js/jquery.dataTables.min.js HTTP/1.1" 304 0
[19/Mar/2011 12:42:01] "GET /static/js/jquery.jscrollpane.min.js HTTP/1.1" 304 0
[19/Mar/2011 12:42:01] "GET /static/img/logo.png HTTP/1.1" 304 0
[19/Mar/2011 12:42:01] "GET /static/img/admin/icon_addlink.gif HTTP/1.1" 304 0
[19/Mar/2011 12:42:01] "GET /static/img/admin/icon-yes.gif HTTP/1.1" 304 0
[19/Mar/2011 12:43:31] "GET /change-project/ HTTP/1.1" 200 3981
[19/Mar/2011 12:43:31] "GET /static/js/jquery-1.5.min.js HTTP/1.1" 304 0
[19/Mar/2011 12:43:31] "GET /static/css/main.css HTTP/1.1" 304 0
[19/Mar/2011 12:43:31] "GET /static/js/jquery.dataTables.min.js HTTP/1.1" 304 0
[19/Mar/2011 12:43:31] "GET /static/js/jquery.jscrollpane.min.js HTTP/1.1" 304 0
[19/Mar/2011 12:43:31] "GET /static/img/logo.png HTTP/1.1" 304 0
[19/Mar/2011 12:43:31] "GET /static/img/admin/icon_addlink.gif HTTP/1.1" 304 0
[19/Mar/2011 12:43:31] "GET /static/img/admin/icon-yes.gif HTTP/1.1" 304 0
[19/Mar/2011 12:44:29] "GET /change-project/ HTTP/1.1" 200 4004
[19/Mar/2011 12:44:29] "GET /static/css/main.css HTTP/1.1" 304 0
[19/Mar/2011 12:44:29] "GET /static/js/jquery-1.5.min.js HTTP/1.1" 304 0
[19/Mar/2011 12:44:29] "GET /static/js/jquery.dataTables.min.js HTTP/1.1" 304 0
[19/Mar/2011 12:44:29] "GET /static/js/jquery.jscrollpane.min.js HTTP/1.1" 304 0
[19/Mar/2011 12:44:29] "GET /static/img/logo.png HTTP/1.1" 304 0
[19/Mar/2011 12:44:29] "GET /static/img/admin/icon_addlink.gif HTTP/1.1" 304 0
[19/Mar/2011 12:44:29] "GET /static/img/admin/icon-yes.gif HTTP/1.1" 304 0
[19/Mar/2011 12:44:52] "GET /change-project/ HTTP/1.1" 200 4001
[19/Mar/2011 12:44:52] "GET /static/css/main.css HTTP/1.1" 304 0
[19/Mar/2011 12:44:52] "GET /static/js/jquery-1.5.min.js HTTP/1.1" 304 0
[19/Mar/2011 12:44:52] "GET /static/js/jquery.dataTables.min.js HTTP/1.1" 304 0
[19/Mar/2011 12:44:52] "GET /static/js/jquery.jscrollpane.min.js HTTP/1.1" 304 0
[19/Mar/2011 12:44:52] "GET /static/img/logo.png HTTP/1.1" 304 0
[19/Mar/2011 12:44:52] "GET /static/img/admin/icon_addlink.gif HTTP/1.1" 304 0
[19/Mar/2011 12:44:52] "GET /static/img/admin/icon-yes.gif HTTP/1.1" 304 0
[19/Mar/2011 12:48:13] "GET /change-project/ HTTP/1.1" 200 4001
[19/Mar/2011 12:48:14] "GET /static/css/main.css HTTP/1.1" 200 6234
[19/Mar/2011 12:48:14] "GET /static/js/jquery-1.5.min.js HTTP/1.1" 304 0
[19/Mar/2011 12:48:14] "GET /static/js/jquery.dataTables.min.js HTTP/1.1" 304 0
[19/Mar/2011 12:48:14] "GET /static/js/jquery.jscrollpane.min.js HTTP/1.1" 304 0
[19/Mar/2011 12:48:14] "GET /static/img/logo.png HTTP/1.1" 304 0
[19/Mar/2011 12:48:14] "GET /static/img/admin/icon_addlink.gif HTTP/1.1" 304 0
[19/Mar/2011 12:48:14] "GET /static/img/admin/icon-yes.gif HTTP/1.1" 304 0
[19/Mar/2011 12:48:16] "GET /change-project/ HTTP/1.1" 200 4001
[19/Mar/2011 12:48:16] "GET /static/css/main.css HTTP/1.1" 304 0
[19/Mar/2011 12:48:16] "GET /static/js/jquery-1.5.min.js HTTP/1.1" 304 0
[19/Mar/2011 12:48:16] "GET /static/js/jquery.dataTables.min.js HTTP/1.1" 304 0
[19/Mar/2011 12:48:16] "GET /static/js/jquery.jscrollpane.min.js HTTP/1.1" 304 0
[19/Mar/2011 12:48:17] "GET /static/img/logo.png HTTP/1.1" 304 0
[19/Mar/2011 12:48:17] "GET /static/img/admin/icon_addlink.gif HTTP/1.1" 304 0
[19/Mar/2011 12:48:17] "GET /static/img/admin/icon-yes.gif HTTP/1.1" 304 0
[19/Mar/2011 12:48:19] "GET /change-project/ HTTP/1.1" 200 4001
[19/Mar/2011 12:48:20] "GET /static/css/main.css HTTP/1.1" 200 6234
[19/Mar/2011 12:48:20] "GET /static/js/jquery-1.5.min.js HTTP/1.1" 304 0
[19/Mar/2011 12:48:20] "GET /static/js/jquery.dataTables.min.js HTTP/1.1" 304 0
[19/Mar/2011 12:48:20] "GET /static/js/jquery.jscrollpane.min.js HTTP/1.1" 304 0
[19/Mar/2011 12:48:20] "GET /static/img/logo.png HTTP/1.1" 304 0
[19/Mar/2011 12:48:20] "GET /static/img/admin/icon_addlink.gif HTTP/1.1" 304 0
[19/Mar/2011 12:48:20] "GET /static/img/admin/icon-yes.gif HTTP/1.1" 304 0
[19/Mar/2011 12:48:21] "GET /change-project/ HTTP/1.1" 200 4001
[19/Mar/2011 12:48:21] "GET /static/css/main.css HTTP/1.1" 304 0
[19/Mar/2011 12:48:21] "GET /static/js/jquery-1.5.min.js HTTP/1.1" 304 0
[19/Mar/2011 12:48:21] "GET /static/js/jquery.jscrollpane.min.js HTTP/1.1" 304 0
[19/Mar/2011 12:48:21] "GET /static/js/jquery.dataTables.min.js HTTP/1.1" 304 0
[19/Mar/2011 12:48:22] "GET /static/img/logo.png HTTP/1.1" 304 0
[19/Mar/2011 12:48:22] "GET /static/img/admin/icon_addlink.gif HTTP/1.1" 304 0
[19/Mar/2011 12:48:22] "GET /static/img/admin/icon-yes.gif HTTP/1.1" 304 0
[19/Mar/2011 12:48:32] "GET /change-project/ HTTP/1.1" 200 4001
[19/Mar/2011 12:48:33] "GET /static/css/main.css HTTP/1.1" 200 6209
[19/Mar/2011 12:48:33] "GET /static/js/jquery-1.5.min.js HTTP/1.1" 304 0
[19/Mar/2011 12:48:33] "GET /static/js/jquery.dataTables.min.js HTTP/1.1" 304 0
[19/Mar/2011 12:48:33] "GET /static/js/jquery.jscrollpane.min.js HTTP/1.1" 304 0
[19/Mar/2011 12:48:33] "GET /static/img/logo.png HTTP/1.1" 304 0
[19/Mar/2011 12:48:33] "GET /static/img/admin/icon_addlink.gif HTTP/1.1" 304 0
[19/Mar/2011 12:48:33] "GET /static/img/admin/icon-yes.gif HTTP/1.1" 304 0
[19/Mar/2011 12:49:30] "GET /change-project/ HTTP/1.1" 200 4001
[19/Mar/2011 12:49:30] "GET /static/js/jquery-1.5.min.js HTTP/1.1" 304 0
[19/Mar/2011 12:49:30] "GET /static/css/main.css HTTP/1.1" 200 6217
[19/Mar/2011 12:49:30] "GET /static/js/jquery.dataTables.min.js HTTP/1.1" 304 0
[19/Mar/2011 12:49:30] "GET /static/js/jquery.jscrollpane.min.js HTTP/1.1" 304 0
[19/Mar/2011 12:49:31] "GET /static/img/logo.png HTTP/1.1" 304 0
[19/Mar/2011 12:49:31] "GET /static/img/admin/icon_addlink.gif HTTP/1.1" 304 0
[19/Mar/2011 12:49:31] "GET /static/img/admin/icon-yes.gif HTTP/1.1" 304 0
[19/Mar/2011 12:49:57] "GET /change-project/ HTTP/1.1" 200 4001
[19/Mar/2011 12:49:57] "GET /static/css/main.css HTTP/1.1" 200 6245
[19/Mar/2011 12:49:57] "GET /static/js/jquery-1.5.min.js HTTP/1.1" 304 0
[19/Mar/2011 12:49:57] "GET /static/js/jquery.dataTables.min.js HTTP/1.1" 304 0
[19/Mar/2011 12:49:57] "GET /static/js/jquery.jscrollpane.min.js HTTP/1.1" 304 0
[19/Mar/2011 12:49:57] "GET /static/img/logo.png HTTP/1.1" 304 0
[19/Mar/2011 12:49:57] "GET /static/img/admin/icon_addlink.gif HTTP/1.1" 304 0
[19/Mar/2011 12:49:57] "GET /static/img/admin/icon-yes.gif HTTP/1.1" 304 0
[19/Mar/2011 12:50:42] "GET /change-project/ HTTP/1.1" 200 4001
[19/Mar/2011 12:50:42] "GET /static/css/main.css HTTP/1.1" 200 6213
[19/Mar/2011 12:50:42] "GET /static/js/jquery.jscrollpane.min.js HTTP/1.1" 304 0
[19/Mar/2011 12:50:42] "GET /static/js/jquery-1.5.min.js HTTP/1.1" 304 0
[19/Mar/2011 12:50:42] "GET /static/js/jquery.dataTables.min.js HTTP/1.1" 304 0
[19/Mar/2011 12:50:42] "GET /static/img/logo.png HTTP/1.1" 304 0
[19/Mar/2011 12:50:42] "GET /static/img/admin/icon_addlink.gif HTTP/1.1" 304 0
[19/Mar/2011 12:50:42] "GET /static/img/admin/icon-yes.gif HTTP/1.1" 304 0
[19/Mar/2011 12:50:55] "GET /change-project/ HTTP/1.1" 200 4001
[19/Mar/2011 12:50:55] "GET /static/css/main.css HTTP/1.1" 200 6156
[19/Mar/2011 12:50:55] "GET /static/js/jquery-1.5.min.js HTTP/1.1" 304 0
[19/Mar/2011 12:50:55] "GET /static/js/jquery.dataTables.min.js HTTP/1.1" 304 0
[19/Mar/2011 12:50:55] "GET /static/js/jquery.jscrollpane.min.js HTTP/1.1" 304 0
[19/Mar/2011 12:50:55] "GET /static/img/logo.png HTTP/1.1" 304 0
[19/Mar/2011 12:50:55] "GET /static/img/admin/icon_addlink.gif HTTP/1.1" 304 0
[19/Mar/2011 12:50:55] "GET /static/img/admin/icon-yes.gif HTTP/1.1" 304 0
[19/Mar/2011 12:51:04] "GET /change-project/ HTTP/1.1" 200 4001
[19/Mar/2011 12:51:04] "GET /static/css/main.css HTTP/1.1" 200 6158
[19/Mar/2011 12:51:04] "GET /static/js/jquery-1.5.min.js HTTP/1.1" 304 0
[19/Mar/2011 12:51:04] "GET /static/js/jquery.dataTables.min.js HTTP/1.1" 304 0
[19/Mar/2011 12:51:04] "GET /static/js/jquery.jscrollpane.min.js HTTP/1.1" 304 0
[19/Mar/2011 12:51:05] "GET /static/img/logo.png HTTP/1.1" 304 0
[19/Mar/2011 12:51:05] "GET /static/img/admin/icon_addlink.gif HTTP/1.1" 304 0
[19/Mar/2011 12:51:05] "GET /static/img/admin/icon-yes.gif HTTP/1.1" 304 0
[19/Mar/2011 12:51:13] "GET /change-project/ HTTP/1.1" 200 4001
[19/Mar/2011 12:51:14] "GET /static/css/main.css HTTP/1.1" 200 6158
[19/Mar/2011 12:51:14] "GET /static/js/jquery-1.5.min.js HTTP/1.1" 304 0
[19/Mar/2011 12:51:14] "GET /static/js/jquery.dataTables.min.js HTTP/1.1" 304 0
[19/Mar/2011 12:51:14] "GET /static/js/jquery.jscrollpane.min.js HTTP/1.1" 304 0
[19/Mar/2011 12:51:14] "GET /static/img/logo.png HTTP/1.1" 304 0
[19/Mar/2011 12:51:14] "GET /static/img/admin/icon_addlink.gif HTTP/1.1" 304 0
[19/Mar/2011 12:51:14] "GET /static/img/admin/icon-yes.gif HTTP/1.1" 304 0
[19/Mar/2011 12:51:35] "GET /change-project/ HTTP/1.1" 200 4001
[19/Mar/2011 12:51:35] "GET /static/css/main.css HTTP/1.1" 200 6158
[19/Mar/2011 12:51:35] "GET /static/js/jquery-1.5.min.js HTTP/1.1" 304 0
[19/Mar/2011 12:51:35] "GET /static/js/jquery.dataTables.min.js HTTP/1.1" 304 0
[19/Mar/2011 12:51:35] "GET /static/js/jquery.jscrollpane.min.js HTTP/1.1" 304 0
[19/Mar/2011 12:51:36] "GET /static/img/logo.png HTTP/1.1" 304 0
[19/Mar/2011 12:51:36] "GET /static/img/admin/icon_addlink.gif HTTP/1.1" 304 0
[19/Mar/2011 12:51:36] "GET /static/img/admin/icon-yes.gif HTTP/1.1" 304 0
[19/Mar/2011 12:51:45] "GET /change-project/ HTTP/1.1" 200 4001
[19/Mar/2011 12:51:45] "GET /static/js/jquery.dataTables.min.js HTTP/1.1" 304 0
[19/Mar/2011 12:51:45] "GET /static/js/jquery-1.5.min.js HTTP/1.1" 304 0
[19/Mar/2011 12:51:45] "GET /static/css/main.css HTTP/1.1" 200 0
[19/Mar/2011 12:51:45] "GET /static/js/jquery.jscrollpane.min.js HTTP/1.1" 304 0
[19/Mar/2011 12:51:45] "GET /static/img/admin/icon-yes.gif HTTP/1.1" 304 0
[19/Mar/2011 12:51:45] "GET /static/img/admin/icon_addlink.gif HTTP/1.1" 304 0
[19/Mar/2011 12:51:46] "GET /change-project/ HTTP/1.1" 200 4001
[19/Mar/2011 12:51:47] "GET /static/css/main.css HTTP/1.1" 304 0
[19/Mar/2011 12:51:47] "GET /static/js/jquery-1.5.min.js HTTP/1.1" 304 0
[19/Mar/2011 12:51:47] "GET /static/js/jquery.dataTables.min.js HTTP/1.1" 304 0
[19/Mar/2011 12:51:47] "GET /static/js/jquery.jscrollpane.min.js HTTP/1.1" 304 0
[19/Mar/2011 12:51:47] "GET /static/img/admin/icon_addlink.gif HTTP/1.1" 304 0
[19/Mar/2011 12:51:47] "GET /static/img/admin/icon-yes.gif HTTP/1.1" 304 0
[19/Mar/2011 12:51:49] "GET /change-project/ HTTP/1.1" 200 4001
[19/Mar/2011 12:51:49] "GET /static/css/main.css HTTP/1.1" 304 0
[19/Mar/2011 12:51:49] "GET /static/js/jquery-1.5.min.js HTTP/1.1" 304 0
[19/Mar/2011 12:51:49] "GET /static/js/jquery.dataTables.min.js HTTP/1.1" 304 0
[19/Mar/2011 12:51:49] "GET /static/js/jquery.jscrollpane.min.js HTTP/1.1" 304 0
[19/Mar/2011 12:51:49] "GET /static/img/admin/icon_addlink.gif HTTP/1.1" 304 0
[19/Mar/2011 12:51:49] "GET /static/img/admin/icon-yes.gif HTTP/1.1" 304 0
[19/Mar/2011 12:51:50] "GET /change-project/ HTTP/1.1" 200 4001
[19/Mar/2011 12:51:50] "GET /static/css/main.css HTTP/1.1" 304 0
[19/Mar/2011 12:51:50] "GET /static/js/jquery.dataTables.min.js HTTP/1.1" 304 0
[19/Mar/2011 12:51:50] "GET /static/js/jquery-1.5.min.js HTTP/1.1" 304 0
[19/Mar/2011 12:51:50] "GET /static/js/jquery.jscrollpane.min.js HTTP/1.1" 304 0
[19/Mar/2011 12:51:50] "GET /static/img/admin/icon-yes.gif HTTP/1.1" 304 0
[19/Mar/2011 12:51:50] "GET /static/img/admin/icon_addlink.gif HTTP/1.1" 304 0
[19/Mar/2011 12:51:54] "GET /change-project/ HTTP/1.1" 200 4001
[19/Mar/2011 12:51:54] "GET /static/css/main.css HTTP/1.1" 200 6158
[19/Mar/2011 12:51:54] "GET /static/js/jquery-1.5.min.js HTTP/1.1" 304 0
[19/Mar/2011 12:51:54] "GET /static/js/jquery.dataTables.min.js HTTP/1.1" 304 0
[19/Mar/2011 12:51:54] "GET /static/js/jquery.jscrollpane.min.js HTTP/1.1" 304 0
[19/Mar/2011 12:51:54] "GET /static/img/logo.png HTTP/1.1" 304 0
[19/Mar/2011 12:51:54] "GET /static/img/admin/icon_addlink.gif HTTP/1.1" 304 0
[19/Mar/2011 12:51:54] "GET /static/img/admin/icon-yes.gif HTTP/1.1" 304 0
[19/Mar/2011 12:52:20] "GET /change-project/ HTTP/1.1" 200 4001
[19/Mar/2011 12:52:20] "GET /static/css/main.css HTTP/1.1" 200 6158
[19/Mar/2011 12:52:20] "GET /static/js/jquery-1.5.min.js HTTP/1.1" 304 0
[19/Mar/2011 12:52:20] "GET /static/js/jquery.dataTables.min.js HTTP/1.1" 304 0
[19/Mar/2011 12:52:20] "GET /static/js/jquery.jscrollpane.min.js HTTP/1.1" 304 0
[19/Mar/2011 12:52:21] "GET /static/img/logo.png HTTP/1.1" 304 0
[19/Mar/2011 12:52:21] "GET /static/img/admin/icon_addlink.gif HTTP/1.1" 304 0
[19/Mar/2011 12:52:21] "GET /static/img/admin/icon-yes.gif HTTP/1.1" 304 0
[19/Mar/2011 12:52:30] "GET /change-project/ HTTP/1.1" 200 4001
[19/Mar/2011 12:52:30] "GET /static/css/main.css HTTP/1.1" 200 6155
[19/Mar/2011 12:52:30] "GET /static/js/jquery-1.5.min.js HTTP/1.1" 304 0
[19/Mar/2011 12:52:30] "GET /static/js/jquery.dataTables.min.js HTTP/1.1" 304 0
[19/Mar/2011 12:52:30] "GET /static/js/jquery.jscrollpane.min.js HTTP/1.1" 304 0
[19/Mar/2011 12:52:31] "GET /static/img/logo.png HTTP/1.1" 304 0
[19/Mar/2011 12:52:31] "GET /static/img/admin/icon_addlink.gif HTTP/1.1" 304 0
[19/Mar/2011 12:52:31] "GET /static/img/admin/icon-yes.gif HTTP/1.1" 304 0
[19/Mar/2011 12:53:08] "GET /change-project/ HTTP/1.1" 200 4001
[19/Mar/2011 12:53:08] "GET /static/css/main.css HTTP/1.1" 200 6159
[19/Mar/2011 12:53:08] "GET /static/js/jquery-1.5.min.js HTTP/1.1" 304 0
[19/Mar/2011 12:53:08] "GET /static/js/jquery.dataTables.min.js HTTP/1.1" 304 0
[19/Mar/2011 12:53:08] "GET /static/js/jquery.jscrollpane.min.js HTTP/1.1" 304 0
[19/Mar/2011 12:53:08] "GET /static/img/logo.png HTTP/1.1" 304 0
[19/Mar/2011 12:53:08] "GET /static/img/admin/icon-yes.gif HTTP/1.1" 304 0
[19/Mar/2011 12:53:08] "GET /static/img/admin/icon_addlink.gif HTTP/1.1" 304 0
[19/Mar/2011 13:01:15] "GET /change-project/ HTTP/1.1" 200 4001
[19/Mar/2011 13:01:15] "GET /static/css/main.css HTTP/1.1" 200 6155
[19/Mar/2011 13:01:15] "GET /static/js/jquery-1.5.min.js HTTP/1.1" 304 0
[19/Mar/2011 13:01:15] "GET /static/js/jquery.dataTables.min.js HTTP/1.1" 304 0
[19/Mar/2011 13:01:15] "GET /static/js/jquery.jscrollpane.min.js HTTP/1.1" 304 0
[19/Mar/2011 13:01:16] "GET /static/img/admin/icon_addlink.gif HTTP/1.1" 304 0
[19/Mar/2011 13:01:16] "GET /static/img/logo.png HTTP/1.1" 304 0
[19/Mar/2011 13:01:16] "GET /static/img/admin/icon-yes.gif HTTP/1.1" 304 0
[19/Mar/2011 13:28:24] "GET /change-project/ HTTP/1.1" 200 3405
[19/Mar/2011 13:28:24] "GET /change-project/jquery.qtip-1.0.0-rc3.min.js HTTP/1.1" 200 3405
[19/Mar/2011 13:28:24] "GET /static/css/main.css HTTP/1.1" 304 0
[19/Mar/2011 13:28:29] "GET /change-project/add_user HTTP/1.1" 200 3405
[19/Mar/2011 13:28:29] "GET /change-project/jquery.qtip-1.0.0-rc3.min.js HTTP/1.1" 200 3405
[19/Mar/2011 13:29:20] "GET http://98.126.64.106/judge123.php HTTP/1.1" 404 1753
[19/Mar/2011 13:30:30] "GET /change-project/add_user HTTP/1.1" 200 3483
[19/Mar/2011 13:30:30] "GET /static/css/main.css HTTP/1.1" 304 0
[19/Mar/2011 13:30:30] "GET /static/js/jquery-1.5.min.js HTTP/1.1" 304 0
[19/Mar/2011 13:30:30] "GET /static/js/jquery.dataTables.min.js HTTP/1.1" 304 0
[19/Mar/2011 13:30:30] "GET /static/js/jquery.jscrollpane.min.js HTTP/1.1" 304 0
[19/Mar/2011 13:30:30] "GET /change-project/jquery.qtip-1.0.0-rc3.min.js HTTP/1.1" 200 3483
[19/Mar/2011 13:30:30] "GET /static/img/logo.png HTTP/1.1" 304 0
[19/Mar/2011 13:30:30] "GET /static/img/admin/icon_addlink.gif HTTP/1.1" 304 0
[19/Mar/2011 13:30:30] "GET /static/img/admin/icon-yes.gif HTTP/1.1" 304 0
[19/Mar/2011 13:30:32] "GET /change-project/add_user HTTP/1.1" 200 3483
[19/Mar/2011 13:30:33] "GET /change-project/jquery.qtip-1.0.0-rc3.min.js HTTP/1.1" 200 3483
Validating models...
0 errors found

Django version 1.2.5, using settings 'mossaic_django.settings'
Development server is running at http://0.0.0.0:8080/
Quit the server with CONTROL-C.
/usr/local/lib/python2.6/dist-packages/django_registration-0.7-py2.6.egg/registration/models.py:4: DeprecationWarning: the sha module is deprecated; use the hashlib module instead
[19/Mar/2011 13:43:17] "GET /projects/1/users HTTP/1.1" 500 121164
[19/Mar/2011 13:43:31] "GET /projects/1/users HTTP/1.1" 200 2374
[19/Mar/2011 13:43:32] "GET /static/css/main.css HTTP/1.1" 304 0
[19/Mar/2011 13:43:32] "GET /static/js/jquery-1.5.min.js HTTP/1.1" 304 0
[19/Mar/2011 13:43:32] "GET /static/js/jquery.jscrollpane.min.js HTTP/1.1" 304 0
[19/Mar/2011 13:43:32] "GET /static/js/jquery.dataTables.min.js HTTP/1.1" 304 0
[19/Mar/2011 13:43:32] "GET /projects/1/jquery.qtip-1.0.0-rc3.min.js HTTP/1.1" 404 2744
[19/Mar/2011 13:43:32] "GET /static/img/logo.png HTTP/1.1" 304 0
[19/Mar/2011 13:43:32] "GET /static/img/admin/icon_addlink.gif HTTP/1.1" 304 0
[19/Mar/2011 13:43:32] "GET /static/img/admin/icon-yes.gif HTTP/1.1" 304 0
[19/Mar/2011 13:49:48] "GET /projects/1/users HTTP/1.1" 200 2739
[19/Mar/2011 13:49:48] "GET /static/css/main.css HTTP/1.1" 304 0
[19/Mar/2011 13:49:48] "GET /static/js/jquery-1.5.min.js HTTP/1.1" 304 0
[19/Mar/2011 13:49:48] "GET /static/js/jquery.dataTables.min.js HTTP/1.1" 304 0
[19/Mar/2011 13:49:48] "GET /static/js/jquery.jscrollpane.min.js HTTP/1.1" 304 0
[19/Mar/2011 13:49:48] "GET /projects/1/jquery.qtip-1.0.0-rc3.min.js HTTP/1.1" 404 2744
[19/Mar/2011 13:49:48] "GET /static/img/logo.png HTTP/1.1" 304 0
[19/Mar/2011 13:49:48] "GET /static/img/admin/icon_addlink.gif HTTP/1.1" 304 0
[19/Mar/2011 13:49:48] "GET /static/img/admin/icon-yes.gif HTTP/1.1" 304 0
[19/Mar/2011 13:49:52] "GET /projects//communties HTTP/1.1" 404 2687
[19/Mar/2011 13:49:55] "GET /projects//users HTTP/1.1" 404 2672
[19/Mar/2011 13:50:14] "GET /projects//communties HTTP/1.1" 404 2687
[19/Mar/2011 13:50:20] "GET /projects/1/users HTTP/1.1" 200 2743
[19/Mar/2011 13:50:21] "GET /static/css/main.css HTTP/1.1" 304 0
[19/Mar/2011 13:50:21] "GET /static/js/jquery-1.5.min.js HTTP/1.1" 304 0
[19/Mar/2011 13:50:21] "GET /static/js/jquery.dataTables.min.js HTTP/1.1" 304 0
[19/Mar/2011 13:50:21] "GET /static/js/jquery.jscrollpane.min.js HTTP/1.1" 304 0
[19/Mar/2011 13:50:21] "GET /projects/1/jquery.qtip-1.0.0-rc3.min.js HTTP/1.1" 404 2744
[19/Mar/2011 13:50:21] "GET /static/img/logo.png HTTP/1.1" 304 0
[19/Mar/2011 13:50:21] "GET /static/img/admin/icon_addlink.gif HTTP/1.1" 304 0
[19/Mar/2011 13:50:21] "GET /static/img/admin/icon-yes.gif HTTP/1.1" 304 0
Validating models...
0 errors found

Django version 1.2.5, using settings 'mossaic_django.settings'
Development server is running at http://0.0.0.0:8080/
Quit the server with CONTROL-C.
/usr/local/lib/python2.6/dist-packages/django_registration-0.7-py2.6.egg/registration/models.py:4: DeprecationWarning: the sha module is deprecated; use the hashlib module instead
[19/Mar/2011 13:51:41] "GET /projects/1/users HTTP/1.1" 200 2749
[19/Mar/2011 13:51:41] "GET /static/js/jquery-1.5.min.js HTTP/1.1" 304 0
[19/Mar/2011 13:51:41] "GET /static/css/main.css HTTP/1.1" 304 0
[19/Mar/2011 13:51:41] "GET /static/js/jquery.dataTables.min.js HTTP/1.1" 304 0
[19/Mar/2011 13:51:41] "GET /static/js/jquery.jscrollpane.min.js HTTP/1.1" 304 0
[19/Mar/2011 13:51:41] "GET /projects/1/jquery.qtip-1.0.0-rc3.min.js HTTP/1.1" 404 2744
[19/Mar/2011 13:51:41] "GET /static/img/logo.png HTTP/1.1" 304 0
[19/Mar/2011 13:51:41] "GET /static/img/admin/icon_addlink.gif HTTP/1.1" 304 0
[19/Mar/2011 13:51:41] "GET /static/img/admin/icon-yes.gif HTTP/1.1" 304 0
[19/Mar/2011 13:51:45] "GET /projects/1/communties HTTP/1.1" 404 2690
[19/Mar/2011 13:51:47] "GET /projects/1/users HTTP/1.1" 200 2749
[19/Mar/2011 13:51:48] "GET /projects/1/users HTTP/1.1" 200 2749
[19/Mar/2011 13:51:50] "GET /projects/1/admin HTTP/1.1" 500 72323
[19/Mar/2011 13:52:28] "GET /projects/1/users HTTP/1.1" 200 2749
[19/Mar/2011 13:52:29] "GET /static/css/main.css HTTP/1.1" 304 0
[19/Mar/2011 13:52:29] "GET /static/js/jquery-1.5.min.js HTTP/1.1" 304 0
[19/Mar/2011 13:52:29] "GET /static/js/jquery.dataTables.min.js HTTP/1.1" 304 0
[19/Mar/2011 13:52:29] "GET /projects/1/jquery.qtip-1.0.0-rc3.min.js HTTP/1.1" 404 2744
[19/Mar/2011 13:52:29] "GET /static/js/jquery.jscrollpane.min.js HTTP/1.1" 304 0
[19/Mar/2011 13:52:29] "GET /static/img/logo.png HTTP/1.1" 304 0
[19/Mar/2011 13:52:29] "GET /static/img/admin/icon_addlink.gif HTTP/1.1" 304 0
[19/Mar/2011 13:52:29] "GET /static/img/admin/icon-yes.gif HTTP/1.1" 304 0
[19/Mar/2011 13:52:30] "GET /projects/1/users HTTP/1.1" 200 2749
[19/Mar/2011 13:52:34] "GET /projects/1/users HTTP/1.1" 200 2749
[19/Mar/2011 13:53:04] "GET /projects/1/users HTTP/1.1" 200 2705
[19/Mar/2011 13:53:04] "GET /static/css/main.css HTTP/1.1" 304 0
[19/Mar/2011 13:53:04] "GET /static/js/jquery-1.5.min.js HTTP/1.1" 304 0
[19/Mar/2011 13:53:04] "GET /static/js/jquery.dataTables.min.js HTTP/1.1" 304 0
[19/Mar/2011 13:53:04] "GET /projects/1/jquery.qtip-1.0.0-rc3.min.js HTTP/1.1" 404 2744
[19/Mar/2011 13:53:04] "GET /static/js/jquery.jscrollpane.min.js HTTP/1.1" 304 0
[19/Mar/2011 13:53:04] "GET /static/img/admin/icon_addlink.gif HTTP/1.1" 304 0
[19/Mar/2011 13:53:04] "GET /static/img/logo.png HTTP/1.1" 304 0
[19/Mar/2011 13:53:04] "GET /static/img/admin/icon-yes.gif HTTP/1.1" 304 0
[19/Mar/2011 13:53:15] "GET /projects/1/users HTTP/1.1" 200 2705
[19/Mar/2011 13:53:15] "GET /static/css/main.css HTTP/1.1" 304 0
[19/Mar/2011 13:53:15] "GET /static/js/jquery-1.5.min.js HTTP/1.1" 304 0
[19/Mar/2011 13:53:15] "GET /static/js/jquery.dataTables.min.js HTTP/1.1" 304 0
[19/Mar/2011 13:53:15] "GET /static/js/jquery.jscrollpane.min.js HTTP/1.1" 304 0
[19/Mar/2011 13:53:15] "GET /projects/1/jquery.qtip-1.0.0-rc3.min.js HTTP/1.1" 404 2744
[19/Mar/2011 13:53:15] "GET /static/img/logo.png HTTP/1.1" 304 0
[19/Mar/2011 13:53:15] "GET /static/img/admin/icon_addlink.gif HTTP/1.1" 304 0
[19/Mar/2011 13:53:15] "GET /static/img/admin/icon-yes.gif HTTP/1.1" 304 0
[19/Mar/2011 13:55:02] "GET /projects/1/users HTTP/1.1" 200 2705
[19/Mar/2011 13:55:04] "GET /static/css/main.css HTTP/1.1" 304 0
[19/Mar/2011 13:55:04] "GET /static/js/jquery-1.5.min.js HTTP/1.1" 304 0
[19/Mar/2011 13:55:04] "GET /static/js/jquery.jscrollpane.min.js HTTP/1.1" 304 0
[19/Mar/2011 13:55:04] "GET /static/js/jquery.dataTables.min.js HTTP/1.1" 304 0
[19/Mar/2011 13:55:04] "GET /projects/1/jquery.qtip-1.0.0-rc3.min.js HTTP/1.1" 404 2744
[19/Mar/2011 13:55:05] "GET /static/img/logo.png HTTP/1.1" 304 0
[19/Mar/2011 13:55:06] "GET /static/img/admin/icon_addlink.gif HTTP/1.1" 304 0
[19/Mar/2011 13:55:06] "GET /static/img/admin/icon-yes.gif HTTP/1.1" 304 0
[19/Mar/2011 13:55:28] "GET /projects/1/users HTTP/1.1" 200 2705
[19/Mar/2011 13:55:30] "GET /static/css/main.css HTTP/1.1" 304 0
[19/Mar/2011 13:55:30] "GET /static/js/jquery-1.5.min.js HTTP/1.1" 304 0
[19/Mar/2011 13:55:30] "GET /static/js/jquery.dataTables.min.js HTTP/1.1" 304 0
[19/Mar/2011 13:55:30] "GET /static/js/jquery.jscrollpane.min.js HTTP/1.1" 304 0
[19/Mar/2011 13:55:30] "GET /projects/1/jquery.qtip-1.0.0-rc3.min.js HTTP/1.1" 404 2744
[19/Mar/2011 13:55:30] "GET /static/img/logo.png HTTP/1.1" 304 0
[19/Mar/2011 13:55:30] "GET /static/img/admin/icon_addlink.gif HTTP/1.1" 304 0
[19/Mar/2011 13:55:30] "GET /static/img/admin/icon-yes.gif HTTP/1.1" 304 0
[19/Mar/2011 13:57:42] "GET /projects/1/users HTTP/1.1" 200 2711
[19/Mar/2011 13:57:42] "GET /static/css/main.css HTTP/1.1" 304 0
[19/Mar/2011 13:57:42] "GET /static/js/jquery-1.5.min.js HTTP/1.1" 304 0
[19/Mar/2011 13:57:42] "GET /static/js/jquery.dataTables.min.js HTTP/1.1" 304 0
[19/Mar/2011 13:57:43] "GET /static/js/jquery.jscrollpane.min.js HTTP/1.1" 304 0
[19/Mar/2011 13:57:43] "GET /projects/1/jquery.qtip-1.0.0-rc3.min.js HTTP/1.1" 404 2744
[19/Mar/2011 13:57:43] "GET /static/img/logo.png HTTP/1.1" 304 0
[19/Mar/2011 13:57:43] "GET /static/img/admin/icon_addlink.gif HTTP/1.1" 304 0
[19/Mar/2011 13:57:43] "GET /static/img/admin/icon-yes.gif HTTP/1.1" 304 0
[19/Mar/2011 13:57:50] "GET /projects/1/users HTTP/1.1" 200 2711
[19/Mar/2011 13:57:50] "GET /static/css/main.css HTTP/1.1" 304 0
[19/Mar/2011 13:57:50] "GET /static/js/jquery-1.5.min.js HTTP/1.1" 304 0
[19/Mar/2011 13:57:50] "GET /static/js/jquery.dataTables.min.js HTTP/1.1" 304 0
[19/Mar/2011 13:57:50] "GET /static/js/jquery.jscrollpane.min.js HTTP/1.1" 304 0
[19/Mar/2011 13:57:50] "GET /projects/1/jquery.qtip-1.0.0-rc3.min.js HTTP/1.1" 404 2744
[19/Mar/2011 13:57:50] "GET /static/img/logo.png HTTP/1.1" 304 0
[19/Mar/2011 13:57:50] "GET /static/img/admin/icon_addlink.gif HTTP/1.1" 304 0
[19/Mar/2011 13:57:50] "GET /static/img/admin/icon-yes.gif HTTP/1.1" 304 0
[19/Mar/2011 13:57:51] "GET /projects/1/users HTTP/1.1" 200 2711
[19/Mar/2011 13:57:51] "GET /static/css/main.css HTTP/1.1" 200 6155
[19/Mar/2011 13:57:52] "GET /static/js/jquery-1.5.min.js HTTP/1.1" 200 84362
[19/Mar/2011 13:57:52] "GET /static/js/jquery.dataTables.min.js HTTP/1.1" 200 66248
[19/Mar/2011 13:57:52] "GET /static/js/jquery.jscrollpane.min.js HTTP/1.1" 200 14406
[19/Mar/2011 13:57:52] "GET /projects/1/jquery.qtip-1.0.0-rc3.min.js HTTP/1.1" 404 2744
[19/Mar/2011 13:57:52] "GET /static/img/logo.png HTTP/1.1" 200 12816
[19/Mar/2011 13:57:52] "GET /static/img/admin/icon_addlink.gif HTTP/1.1" 200 119
[19/Mar/2011 13:57:52] "GET /static/img/admin/icon-yes.gif HTTP/1.1" 200 299
Terminated
/usr/lib/pymodules/python2.6/registration/models.py:4: DeprecationWarning: the sha module is deprecated; use the hashlib module instead
  import sha
Validating models...
0 errors found

Django version 1.2.3 SVN-16228, using settings 'mossaic.settings'
Development server is running at http://0.0.0.0:8080/
Quit the server with CONTROL-C.
/usr/lib/pymodules/python2.6/registration/models.py:4: DeprecationWarning: the sha module is deprecated; use the hashlib module instead
  import sha
[16/May/2011 18:49:58] "GET /projects/1/models/2 HTTP/1.1" 200 10536
[16/May/2011 18:49:58] "GET /static/css/main.css HTTP/1.1" 304 0
[16/May/2011 18:49:58] "GET /static/js/jquery-1.5.min.js HTTP/1.1" 304 0
[16/May/2011 18:49:58] "GET /static/js/jquery.dataTables.min.js HTTP/1.1" 304 0
[16/May/2011 18:49:58] "GET /static/js/jquery-ui-1.8.11.custom.min.js HTTP/1.1" 304 0
[16/May/2011 18:49:59] "GET /static/js/jquery.tokeninput.js HTTP/1.1" 304 0
[16/May/2011 18:49:59] "GET /static/css/token-input.css HTTP/1.1" 304 0
[16/May/2011 18:49:59] "GET /static/img/logo.png HTTP/1.1" 304 0
[16/May/2011 18:49:59] "GET /static/img/row_bg.png HTTP/1.1" 304 0
[16/May/2011 18:50:01] "GET /projects/1/models HTTP/1.1" 200 6624
[16/May/2011 18:50:03] "GET /projects/1/observations HTTP/1.1" 200 7006
[16/May/2011 18:50:04] "GET /projects/1/communities HTTP/1.1" 200 6615
[16/May/2011 18:50:06] "GET /projects/1/metrics HTTP/1.1" 200 6731
[16/May/2011 18:50:07] "GET /projects/1/admin HTTP/1.1" 200 6514
[16/May/2011 18:50:08] "GET /projects/1/observations HTTP/1.1" 200 7006
[16/May/2011 18:50:10] "GET /projects/1/models HTTP/1.1" 200 6624
[16/May/2011 18:50:11] "GET /projects/1/communities HTTP/1.1" 200 6615
[16/May/2011 18:50:13] "GET /projects HTTP/1.1" 200 5836
[16/May/2011 18:50:22] "GET /projects/2/ HTTP/1.1" 200 6498
[16/May/2011 18:50:24] "GET /projects/2/metrics HTTP/1.1" 200 6550
[16/May/2011 18:50:25] "GET /projects/2/observations HTTP/1.1" 200 6384
[16/May/2011 18:50:27] "GET /projects/2/models HTTP/1.1" 200 6419
[16/May/2011 18:50:28] "GET /projects/2/communities HTTP/1.1" 200 6467
[16/May/2011 18:50:30] "GET /projects/2/communities/new HTTP/1.1" 200 5887
[16/May/2011 18:50:37] "GET /projects/2/models HTTP/1.1" 200 6419
[16/May/2011 18:50:38] "GET /projects/2/observations HTTP/1.1" 200 6384
[16/May/2011 18:50:39] "GET /projects/2/metrics HTTP/1.1" 200 6550
[16/May/2011 18:50:40] "GET /projects/2/models HTTP/1.1" 200 6419
[16/May/2011 18:50:41] "GET /projects/2/communities HTTP/1.1" 200 6467
[16/May/2011 18:50:41] "GET /projects/2/users HTTP/1.1" 200 6803
[16/May/2011 18:50:43] "GET /projects/2/risk HTTP/1.1" 200 6239
[16/May/2011 18:50:43] "GET /projects/2/users HTTP/1.1" 200 6803
[16/May/2011 18:50:44] "GET /projects/2/communities HTTP/1.1" 200 6467
[16/May/2011 18:50:45] "GET /projects/2/risk HTTP/1.1" 200 6239
[16/May/2011 18:50:47] "GET /projects/2/users HTTP/1.1" 200 6803
[16/May/2011 18:50:48] "GET /projects/2/communities HTTP/1.1" 200 6467
[16/May/2011 18:50:49] "GET /projects/2/models HTTP/1.1" 200 6419
[16/May/2011 18:50:50] "GET /projects/2/observations HTTP/1.1" 200 6384
[16/May/2011 18:50:52] "GET /projects/2/metrics HTTP/1.1" 200 6550
[16/May/2011 18:50:54] "GET /projects/2/models HTTP/1.1" 200 6419
[16/May/2011 18:50:56] "GET /projects/2/communities HTTP/1.1" 200 6467
[16/May/2011 18:50:58] "GET /projects/2/users HTTP/1.1" 200 6803
[16/May/2011 18:51:00] "GET /projects/2/risk HTTP/1.1" 200 6239
[16/May/2011 18:51:29] "GET /projects/2/models HTTP/1.1" 200 6419
[16/May/2011 18:51:31] "GET /projects/2/communities HTTP/1.1" 200 6467
[16/May/2011 18:51:34] "GET /projects/2/observations HTTP/1.1" 200 6384
[16/May/2011 18:51:36] "GET /projects/2/metrics HTTP/1.1" 200 6550
[16/May/2011 18:51:38] "GET /projects/2/communities HTTP/1.1" 200 6467
[16/May/2011 18:51:41] "GET /projects/2/users HTTP/1.1" 200 6803
[16/May/2011 18:51:43] "GET /projects/2/ HTTP/1.1" 200 6498
[16/May/2011 18:51:45] "GET /projects/2/users/new HTTP/1.1" 200 5600
[16/May/2011 18:51:50] "GET /projects/2/communities HTTP/1.1" 200 6467
[16/May/2011 18:51:51] "GET /projects/2/models HTTP/1.1" 200 6419
[16/May/2011 18:51:52] "GET /projects/2/observations HTTP/1.1" 200 6384
[16/May/2011 18:51:53] "GET /projects/2/models HTTP/1.1" 200 6419
[16/May/2011 18:51:54] "GET /projects/2/models/new HTTP/1.1" 200 5568
[16/May/2011 18:52:03] "GET /projects/2/metrics HTTP/1.1" 200 6550
[16/May/2011 18:52:04] "GET /projects/2/admin HTTP/1.1" 200 6498
[16/May/2011 18:52:06] "GET /projects/2/observations HTTP/1.1" 200 6384
[16/May/2011 18:52:11] "GET /accounts/logout/ HTTP/1.1" 302 0
[16/May/2011 18:52:11] "GET /accounts/login/ HTTP/1.1" 200 5855
[16/May/2011 19:02:01] "POST /accounts/login/ HTTP/1.1" 200 5959
[16/May/2011 19:02:25] "POST /accounts/login/ HTTP/1.1" 200 5959
[16/May/2011 19:02:32] "POST /accounts/login/ HTTP/1.1" 302 0
[16/May/2011 19:02:32] "GET /accounts/profile/ HTTP/1.1" 404 4447
[16/May/2011 19:02:36] "GET /projects/2/communities HTTP/1.1" 200 6467
[16/May/2011 19:19:19] "GET /projects/2/observations HTTP/1.1" 200 6384
[16/May/2011 19:19:20] "GET /projects/2/models HTTP/1.1" 200 6419
[16/May/2011 19:19:25] "GET /projects/ HTTP/1.1" 200 5836
[16/May/2011 19:19:58] "GET /projects/2/ HTTP/1.1" 200 6498
[16/May/2011 19:20:01] "GET /projects/2/metrics HTTP/1.1" 200 6550
[16/May/2011 19:20:05] "GET /projects/2/observations HTTP/1.1" 200 6384
[16/May/2011 19:20:08] "GET /projects/2/models HTTP/1.1" 200 6419
[16/May/2011 19:20:09] "GET /projects/2/communities HTTP/1.1" 200 6467
[16/May/2011 19:20:12] "GET /projects/2/users HTTP/1.1" 200 6803
[16/May/2011 19:20:14] "GET /projects/2/risk HTTP/1.1" 200 6239
[16/May/2011 19:20:17] "GET /accounts/logout/ HTTP/1.1" 302 0
[16/May/2011 19:20:17] "GET /accounts/login/ HTTP/1.1" 200 5855
[16/May/2011 19:22:27] "POST /accounts/login/ HTTP/1.1" 302 0
[16/May/2011 19:22:27] "GET /accounts/profile/ HTTP/1.1" 404 4447
Validating models...
0 errors found

Django version 1.2.3 SVN-16228, using settings 'mossaic.settings'
Development server is running at http://0.0.0.0:8080/
Quit the server with CONTROL-C.
/usr/lib/pymodules/python2.6/registration/models.py:4: DeprecationWarning: the sha module is deprecated; use the hashlib module instead
  import sha
Validating models...
0 errors found

Django version 1.2.3 SVN-16228, using settings 'mossaic.settings'
Development server is running at http://0.0.0.0:8080/
Quit the server with CONTROL-C.
Unhandled exception in thread started by <function inner_run at 0x1a7b848>
Traceback (most recent call last):
  File "/usr/lib/python2.6/dist-packages/django/core/management/commands/runserver.py", line 60, in inner_run
    run(addr, int(port), handler)
  File "/usr/lib/python2.6/dist-packages/django/core/servers/basehttp.py", line 721, in run
    httpd.serve_forever()
  File "/usr/lib/python2.6/SocketServer.py", line 224, in serve_forever
    r, w, e = select.select([self], [], [], poll_interval)
AttributeError: 'NoneType' object has no attribute 'select'
/usr/lib/pymodules/python2.6/registration/models.py:4: DeprecationWarning: the sha module is deprecated; use the hashlib module instead
  import sha
Validating models...
0 errors found

Django version 1.2.3 SVN-16228, using settings 'mossaic.settings'
Development server is running at http://0.0.0.0:8080/
Quit the server with CONTROL-C.
/usr/lib/pymodules/python2.6/registration/models.py:4: DeprecationWarning: the sha module is deprecated; use the hashlib module instead
  import sha
Validating models...
0 errors found

Django version 1.2.3 SVN-16228, using settings 'mossaic.settings'
Development server is running at http://0.0.0.0:8080/
Quit the server with CONTROL-C.
/usr/lib/pymodules/python2.6/registration/models.py:4: DeprecationWarning: the sha module is deprecated; use the hashlib module instead
  import sha
Validating models...
0 errors found

Django version 1.2.3 SVN-16228, using settings 'mossaic.settings'
Development server is running at http://0.0.0.0:8080/
Quit the server with CONTROL-C.
Validating models...
0 errors found

Django version 1.2.3 SVN-16228, using settings 'mossaic.settings'
Development server is running at http://0.0.0.0:8080/
Quit the server with CONTROL-C.
[16/May/2011 22:13:06] "GET /accounts/login/ HTTP/1.1" 200 5855
[16/May/2011 22:13:07] "GET /static/css/main.css HTTP/1.1" 200 9220
[16/May/2011 22:13:07] "GET /static/js/jquery-1.5.min.js HTTP/1.1" 200 84362
[16/May/2011 22:13:07] "GET /static/js/jquery.dataTables.min.js HTTP/1.1" 200 66248
[16/May/2011 22:13:08] "GET /static/js/jquery-ui-1.8.11.custom.min.js HTTP/1.1" 200 208229
[16/May/2011 22:13:08] "GET /static/js/jquery.tokeninput.js HTTP/1.1" 200 20361
[16/May/2011 22:13:08] "GET /static/css/token-input.css HTTP/1.1" 200 2514
[16/May/2011 22:13:09] "GET /static/img/logo.png HTTP/1.1" 200 12816
[16/May/2011 22:19:13] "POST /accounts/login/ HTTP/1.1" 302 0
[16/May/2011 22:19:13] "GET /accounts/profile/ HTTP/1.1" 404 5309
[16/May/2011 22:19:43] "GET /accounts/profile HTTP/1.1" 404 5306
[16/May/2011 22:19:48] "GET / HTTP/1.1" 200 5836
[16/May/2011 22:19:48] "GET /static/css/main.css HTTP/1.1" 304 0
[16/May/2011 22:19:49] "GET /static/img/row_bg.png HTTP/1.1" 200 95
[16/May/2011 22:20:07] "GET /projects/2/ HTTP/1.1" 200 6498
[16/May/2011 22:20:07] "GET /static/css/main.css HTTP/1.1" 304 0
[16/May/2011 22:20:10] "GET /projects/1/ HTTP/1.1" 200 6514
[16/May/2011 22:20:10] "GET /static/css/main.css HTTP/1.1" 304 0
[16/May/2011 22:20:14] "GET /projects/1/metrics HTTP/1.1" 200 6818
Validating models...
0 errors found

Django version 1.2.3 SVN-16228, using settings 'mossaic.settings'
Development server is running at http://0.0.0.0:8080/
Quit the server with CONTROL-C.
Unhandled exception in thread started by <function inner_run at 0x2c96938>
Validating models...
Traceback (most recent call last):
  File "/usr/lib/python2.6/dist-packages/django/core/management/commands/runserver.py", line 48, in inner_run
    self.validate(display_num_errors=True)
  File "/usr/lib/python2.6/dist-packages/django/core/management/base.py", line 249, in validate
    num_errors = get_validation_errors(s, app)
  File "/usr/lib/python2.6/dist-packages/django/core/management/validation.py", line 28, in get_validation_errors
    for (app_name, error) in get_app_errors().items():
  File "/usr/lib/python2.6/dist-packages/django/db/models/loading.py", line 146, in get_app_errors
    self._populate()
  File "/usr/lib/python2.6/dist-packages/django/db/models/loading.py", line 61, in _populate
    self.load_app(app_name, True)
  File "/usr/lib/python2.6/dist-packages/django/db/models/loading.py", line 78, in load_app
    models = import_module('.models', app_name)
  File "/usr/lib/python2.6/dist-packages/django/utils/importlib.py", line 35, in import_module
    __import__(name)
  File "/home/mossaic/mossaic/risk_models/models.py", line 97
    if self.missingValuePolicy == 'D' and self.transformation ne '':
                                                               ^
SyntaxError: invalid syntax
Validating models...
0 errors found

Django version 1.2.3 SVN-16228, using settings 'mossaic.settings'
Development server is running at http://0.0.0.0:8080/
Quit the server with CONTROL-C.
Validating models...
0 errors found

Django version 1.2.3 SVN-16228, using settings 'mossaic.settings'
Development server is running at http://0.0.0.0:8080/
Quit the server with CONTROL-C.
Validating models...
0 errors found

Django version 1.2.3 SVN-16228, using settings 'mossaic.settings'
Development server is running at http://0.0.0.0:8080/
Quit the server with CONTROL-C.
Validating models...
0 errors found

Django version 1.2.3 SVN-16228, using settings 'mossaic.settings'
Development server is running at http://0.0.0.0:8080/
Quit the server with CONTROL-C.
